Copyright 1986-2021 Xilinx, Inc. All Rights Reserved.
-------------------------------------------------------------------------------------
| Tool Version : Vivado v.2021.2 (lin64) Build 3367213 Tue Oct 19 02:47:39 MDT 2021
| Date         : Fri Apr 22 10:36:20 2022
| Host         : xilinx running 64-bit Ubuntu 20.04.2 LTS
| Command      : report_control_sets -verbose -file uart_led_control_sets_placed.rpt
| Design       : uart_led
| Device       : xczu7ev
-------------------------------------------------------------------------------------

Control Set Information

Table of Contents
-----------------
1. Summary
2. Histogram
3. Flip-Flop Distribution
4. Detailed Control Set Information

1. Summary
----------

+----------------------------------------------------------+-------+
|                          Status                          | Count |
+----------------------------------------------------------+-------+
| Total control sets                                       |     6 |
|    Minimum number of control sets                        |     6 |
|    Addition due to synthesis replication                 |     0 |
|    Addition due to physical synthesis replication        |     0 |
| Unused register locations in slices containing registers |     5 |
+----------------------------------------------------------+-------+
* Control sets can be merged at opt_design using control_set_merge or merge_equivalent_drivers
** Run report_qor_suggestions for automated merging and remapping suggestions


2. Histogram
------------

+--------------------+-------+
|       Fanout       | Count |
+--------------------+-------+
| Total control sets |     6 |
| >= 0 to < 4        |     2 |
| >= 4 to < 6        |     2 |
| >= 6 to < 8        |     0 |
| >= 8 to < 10       |     1 |
| >= 10 to < 12      |     0 |
| >= 12 to < 14      |     0 |
| >= 14 to < 16      |     0 |
| >= 16              |     1 |
+--------------------+-------+
* Control sets can be remapped at either synth_design or opt_design


3. Flip-Flop Distribution
-------------------------

+--------------+-----------------------+------------------------+-----------------+--------------+
| Clock Enable | Synchronous Set/Reset | Asynchronous Set/Reset | Total Registers | Total Slices |
+--------------+-----------------------+------------------------+-----------------+--------------+
| No           | No                    | No                     |               4 |            4 |
| No           | No                    | Yes                    |               0 |            0 |
| No           | Yes                   | No                     |              25 |            6 |
| Yes          | No                    | No                     |               0 |            0 |
| Yes          | No                    | Yes                    |               0 |            0 |
| Yes          | Yes                   | No                     |              18 |            5 |
+--------------+-----------------------+------------------------+-----------------+--------------+


4. Detailed Control Set Information
-----------------------------------

+--------------+-----------------------------------------------------------+----------------------------------------------+------------------+----------------+--------------+
| Clock Signal |                       Enable Signal                       |               Set/Reset Signal               | Slice Load Count | Bel Load Count | Bels / Slice |
+--------------+-----------------------------------------------------------+----------------------------------------------+------------------+----------------+--------------+
|  clk_rx      | uart_rx_i0/uart_rx_ctl_i0/bit_cnt[2]_i_2_n_0              | uart_rx_i0/uart_rx_ctl_i0/bit_cnt[2]_i_1_n_0 |                1 |              3 |         3.00 |
|  clk_rx      | uart_rx_i0/uart_rx_ctl_i0/over_sample_cnt[2]_i_1_n_0      | meta_harden_rst_i0/rst_clk_rx                |                1 |              3 |         3.00 |
|  clk_rx      |                                                           |                                              |                4 |              4 |         1.00 |
|  clk_rx      | uart_rx_i0/uart_rx_ctl_i0/FSM_sequential_state[1]_i_1_n_0 | meta_harden_rst_i0/rst_clk_rx                |                2 |              4 |         2.00 |
|  clk_rx      | uart_rx_i0/uart_rx_ctl_i0/E[0]                            | meta_harden_rst_i0/rst_clk_rx                |                2 |              8 |         4.00 |
|  clk_rx      |                                                           | meta_harden_rst_i0/rst_clk_rx                |                6 |             25 |         4.17 |
+--------------+-----------------------------------------------------------+----------------------------------------------+------------------+----------------+--------------+


