Copyright 1986-2022 Xilinx, Inc. All Rights Reserved.
------------------------------------------------------------------------------------
| Tool Version : Vivado v.2022.1 (lin64) Build 3526262 Mon Apr 18 15:47:01 MDT 2022
| Date         : Fri Jul  8 07:38:29 2022
| Host         : xilinx running 64-bit Ubuntu 20.04.3 LTS
| Command      : report_control_sets -verbose -file top_control_sets_placed.rpt
| Design       : top
| Device       : xqvu3p
------------------------------------------------------------------------------------

Control Set Information

Table of Contents
-----------------
1. Summary
2. Histogram
3. Flip-Flop Distribution
4. Detailed Control Set Information

1. Summary
----------

+----------------------------------------------------------+-------+
|                          Status                          | Count |
+----------------------------------------------------------+-------+
| Total control sets                                       |    54 |
|    Minimum number of control sets                        |     6 |
|    Addition due to synthesis replication                 |     0 |
|    Addition due to physical synthesis replication        |    48 |
| Unused register locations in slices containing registers |    81 |
+----------------------------------------------------------+-------+
* Control sets can be merged at opt_design using control_set_merge or merge_equivalent_drivers
** Run report_qor_suggestions for automated merging and remapping suggestions


2. Histogram
------------

+--------------------+-------+
|       Fanout       | Count |
+--------------------+-------+
| Total control sets |    54 |
| >= 0 to < 4        |     1 |
| >= 4 to < 6        |     1 |
| >= 6 to < 8        |     0 |
| >= 8 to < 10       |     0 |
| >= 10 to < 12      |     0 |
| >= 12 to < 14      |     0 |
| >= 14 to < 16      |     0 |
| >= 16              |    52 |
+--------------------+-------+
* Control sets can be remapped at either synth_design or opt_design


3. Flip-Flop Distribution
-------------------------

+--------------+-----------------------+------------------------+-----------------+--------------+
| Clock Enable | Synchronous Set/Reset | Asynchronous Set/Reset | Total Registers | Total Slices |
+--------------+-----------------------+------------------------+-----------------+--------------+
| No           | No                    | No                     |            2091 |          569 |
| No           | No                    | Yes                    |               0 |            0 |
| No           | Yes                   | No                     |               0 |            0 |
| Yes          | No                    | No                     |            8000 |          867 |
| Yes          | No                    | Yes                    |               0 |            0 |
| Yes          | Yes                   | No                     |               0 |            0 |
+--------------+-----------------------+------------------------+-----------------+--------------+


4. Detailed Control Set Information
-----------------------------------

+----------------------+---------------------------------------------------+------------------+------------------+----------------+--------------+
|     Clock Signal     |                   Enable Signal                   | Set/Reset Signal | Slice Load Count | Bel Load Count | Bels / Slice |
+----------------------+---------------------------------------------------+------------------+------------------+----------------+--------------+
|  mmcm_inst/clk_600_i | clk600_to_clk300_ffs_i/a1_2r_reg_fret_n_0         |                  |                1 |              3 |         3.00 |
|  mmcm_inst/clk_600_i | clk300_to_clk600_ffs_i/a_r2                       |                  |                2 |              5 |         2.50 |
|  mmcm_inst/clk_600_i |                                                   |                  |               32 |             58 |         1.81 |
|  mmcm_inst/clk_600_i | clk600_to_clk300_ffs_i/a1_2r_reg_fret_n_0_repN_13 |                  |               30 |            107 |         3.57 |
|  mmcm_inst/clk_300_i | clk600_to_clk300_ffs_i/a_r2                       |                  |               29 |            109 |         3.76 |
|  mmcm_inst/clk_300_i | clk600_to_clk300_ffs_i/a_r2_repN_5                |                  |               33 |            113 |         3.42 |
|  mmcm_inst/clk_600_i | clk600_to_clk300_ffs_i/a1_2r_reg_fret_n_0_repN_3  |                  |               36 |            114 |         3.17 |
|  mmcm_inst/clk_600_i | clk600_to_clk300_ffs_i/a1_2r_reg_fret_n_0_repN_2  |                  |               35 |            116 |         3.31 |
|  mmcm_inst/clk_300_i | clk600_to_clk300_ffs_i/a_r2_repN_1                |                  |               34 |            117 |         3.44 |
|  mmcm_inst/clk_300_i | clk600_to_clk300_ffs_i/a_r2_repN                  |                  |               37 |            121 |         3.27 |
|  mmcm_inst/clk_600_i | clk600_to_clk300_ffs_i/a1_2r_reg_fret_n_0_repN    |                  |               40 |            122 |         3.05 |
|  mmcm_inst/clk_600_i | clk600_to_clk300_ffs_i/a1_2r_reg_fret_n_0_repN_1  |                  |               39 |            123 |         3.15 |
|  mmcm_inst/clk_600_i | clk600_to_clk300_ffs_i/a1_2r_reg_fret_n_0_repN_12 |                  |               33 |            123 |         3.73 |
|  mmcm_inst/clk_300_i | clk600_to_clk300_ffs_i/a_r2_repN_9                |                  |               32 |            124 |         3.88 |
|  mmcm_inst/clk_300_i | clk300_to_clk600_ffs_i/a1_2r_reg_fret_n_0_repN_4  |                  |               40 |            127 |         3.17 |
|  mmcm_inst/clk_300_i | clk600_to_clk300_ffs_i/a_r2_repN_4                |                  |               37 |            130 |         3.51 |
|  mmcm_inst/clk_600_i | clk300_to_clk600_ffs_i/a_r2_repN_8                |                  |               30 |            131 |         4.37 |
|  mmcm_inst/clk_600_i | clk300_to_clk600_ffs_i/a_r2_repN_2                |                  |               26 |            133 |         5.12 |
|  mmcm_inst/clk_600_i | clk600_to_clk300_ffs_i/a1_2r_reg_fret_n_0_repN_9  |                  |               37 |            136 |         3.68 |
|  mmcm_inst/clk_600_i | clk600_to_clk300_ffs_i/a1_2r_reg_fret_n_0_repN_7  |                  |               40 |            136 |         3.40 |
|  mmcm_inst/clk_300_i | clk600_to_clk300_ffs_i/a_r2_repN_6                |                  |               35 |            137 |         3.91 |
|  mmcm_inst/clk_300_i | clk300_to_clk600_ffs_i/a1_2r_reg_fret_n_0_repN_9  |                  |               27 |            137 |         5.07 |
|  mmcm_inst/clk_300_i | clk600_to_clk300_ffs_i/a_r2_repN_3                |                  |               37 |            140 |         3.78 |
|  mmcm_inst/clk_600_i | clk600_to_clk300_ffs_i/a1_2r_reg_fret_n_0_repN_8  |                  |               39 |            140 |         3.59 |
|  mmcm_inst/clk_300_i | clk600_to_clk300_ffs_i/a_r2_repN_8                |                  |               34 |            142 |         4.18 |
|  mmcm_inst/clk_300_i | clk300_to_clk600_ffs_i/a1_2r_reg_fret_n_0         |                  |               31 |            143 |         4.61 |
|  mmcm_inst/clk_300_i | clk600_to_clk300_ffs_i/a_r2_repN_10               |                  |               38 |            147 |         3.87 |
|  mmcm_inst/clk_600_i | clk600_to_clk300_ffs_i/a1_2r_reg_fret_n_0_repN_11 |                  |               46 |            148 |         3.22 |
|  mmcm_inst/clk_300_i | clk300_to_clk600_ffs_i/a1_2r_reg_fret_n_0_repN_5  |                  |               32 |            159 |         4.97 |
|  mmcm_inst/clk_600_i | clk300_to_clk600_ffs_i/a_r2_repN_7                |                  |               40 |            161 |         4.03 |
|  mmcm_inst/clk_300_i | clk600_to_clk300_ffs_i/a_r2_repN_7                |                  |               48 |            172 |         3.58 |
|  mmcm_inst/clk_600_i | clk300_to_clk600_ffs_i/a_r2_repN_5                |                  |               34 |            173 |         5.09 |
|  mmcm_inst/clk_600_i | clk300_to_clk600_ffs_i/a_r2_repN_1                |                  |               38 |            176 |         4.63 |
|  mmcm_inst/clk_300_i | clk300_to_clk600_ffs_i/a1_2r_reg_fret_n_0_repN_7  |                  |               37 |            176 |         4.76 |
|  mmcm_inst/clk_300_i | clk600_to_clk300_ffs_i/a_r2_repN_11               |                  |               47 |            177 |         3.77 |
|  mmcm_inst/clk_600_i | clk300_to_clk600_ffs_i/a_r2_repN_10               |                  |               38 |            177 |         4.66 |
|  mmcm_inst/clk_600_i | clk600_to_clk300_ffs_i/a1_2r_reg_fret_n_0_repN_10 |                  |               49 |            177 |         3.61 |
|  mmcm_inst/clk_600_i | clk600_to_clk300_ffs_i/a1_2r_reg_fret_n_0_repN_5  |                  |               55 |            178 |         3.24 |
|  mmcm_inst/clk_600_i | clk300_to_clk600_ffs_i/a_r2_repN_9                |                  |               41 |            178 |         4.34 |
|  mmcm_inst/clk_300_i | clk300_to_clk600_ffs_i/a1_2r_reg_fret_n_0_repN_3  |                  |               42 |            182 |         4.33 |
|  mmcm_inst/clk_600_i | clk600_to_clk300_ffs_i/a1_2r_reg_fret_n_0_repN_6  |                  |               52 |            183 |         3.52 |
|  mmcm_inst/clk_300_i | clk600_to_clk300_ffs_i/a_r2_repN_12               |                  |               54 |            183 |         3.39 |
|  mmcm_inst/clk_300_i | clk300_to_clk600_ffs_i/a1_2r_reg_fret_n_0_repN_1  |                  |               38 |            187 |         4.92 |
|  mmcm_inst/clk_300_i | clk600_to_clk300_ffs_i/a_r2_repN_2                |                  |               49 |            188 |         3.84 |
|  mmcm_inst/clk_300_i | clk300_to_clk600_ffs_i/a1_2r_reg_fret_n_0_repN    |                  |               42 |            192 |         4.57 |
|  mmcm_inst/clk_600_i | clk600_to_clk300_ffs_i/a1_2r_reg_fret_n_0_repN_4  |                  |               56 |            194 |         3.46 |
|  mmcm_inst/clk_600_i | clk300_to_clk600_ffs_i/a_r2_repN                  |                  |               36 |            195 |         5.42 |
|  mmcm_inst/clk_600_i | clk300_to_clk600_ffs_i/a_r2_repN_4                |                  |               32 |            206 |         6.44 |
|  mmcm_inst/clk_300_i | clk300_to_clk600_ffs_i/a1_2r_reg_fret_n_0_repN_8  |                  |               53 |            221 |         4.17 |
|  mmcm_inst/clk_600_i | clk300_to_clk600_ffs_i/a_r2_repN_3                |                  |               54 |            223 |         4.13 |
|  mmcm_inst/clk_300_i | clk300_to_clk600_ffs_i/a1_2r_reg_fret_n_0_repN_6  |                  |               43 |            236 |         5.49 |
|  mmcm_inst/clk_300_i | clk300_to_clk600_ffs_i/a1_2r_reg_fret_n_0_repN_2  |                  |               42 |            240 |         5.71 |
|  mmcm_inst/clk_600_i | clk300_to_clk600_ffs_i/a_r2_repN_6                |                  |               41 |            242 |         5.90 |
|  mmcm_inst/clk_300_i |                                                   |                  |              549 |           2034 |         3.70 |
+----------------------+---------------------------------------------------+------------------+------------------+----------------+--------------+


