
*** Running vivado
    with args -log wave_gen.vds -m64 -product Vivado -mode batch -messageDb vivado.pb -notrace -source wave_gen.tcl


****** Vivado v2022.2 (64-bit)
  **** SW Build 3671981 on Fri Oct 14 04:59:54 MDT 2022
  **** IP Build 3669848 on Fri Oct 14 08:30:02 MDT 2022
    ** Copyright 1986-2022 Xilinx, Inc. All Rights Reserved.

source wave_gen.tcl -notrace
Command: read_checkpoint -auto_incremental -incremental /home/amd/training/phys_opt/lab/KCU105/verilog/wave_gen.srcs/utils_1/imports/synth_1/wave_gen.dcp
INFO: [Vivado 12-5825] Read reference checkpoint from /home/amd/training/phys_opt/lab/KCU105/verilog/wave_gen.srcs/utils_1/imports/synth_1/wave_gen.dcp for incremental synthesis
INFO: [Vivado 12-7989] Please ensure there are no constraint changes
Command: synth_design -top wave_gen -part xcku040-ffva1156-2-e
Starting synth_design
Attempting to get a license for feature 'Synthesis' and/or device 'xcku040'
INFO: [Common 17-349] Got license for feature 'Synthesis' and/or device 'xcku040'
INFO: [Device 21-403] Loading part xcku040-ffva1156-2-e
INFO: [Designutils 20-5440] No compile time benefit to using incremental synthesis; A full resynthesis will be run
INFO: [Designutils 20-4379] Flow is switching to default flow due to incremental criteria not met. If you would like to alter this behaviour and have the flow terminate instead, please set the following parameter config_implementation {autoIncr.Synth.RejectBehavior Terminate}
INFO: [Synth 8-7079] Multithreading enabled for synth_design using a maximum of 4 processes.
INFO: [Synth 8-7078] Launching helper process for spawning children vivado processes
INFO: [Synth 8-7075] Helper process launched with PID 26901
INFO: [Synth 8-11241] undeclared symbol 'REGCCE', assumed default net type 'wire' [/opt/amd/Vivado/2022.2/data/verilog/src/unimacro/BRAM_SINGLE_MACRO.v:2170]
WARNING: [Synth 8-11065] parameter 'NSAMP_MIN' becomes localparam in 'cmd_parse' with formal parameter declaration list [/home/amd/training/phys_opt/lab/KCU105/verilog/wave_gen.srcs/sources_1/imports/cmd_parse.v:87]
WARNING: [Synth 8-11065] parameter 'NSAMP_MAX' becomes localparam in 'cmd_parse' with formal parameter declaration list [/home/amd/training/phys_opt/lab/KCU105/verilog/wave_gen.srcs/sources_1/imports/cmd_parse.v:88]
WARNING: [Synth 8-11065] parameter 'PRESCALE_MIN' becomes localparam in 'cmd_parse' with formal parameter declaration list [/home/amd/training/phys_opt/lab/KCU105/verilog/wave_gen.srcs/sources_1/imports/cmd_parse.v:89]
WARNING: [Synth 8-11065] parameter 'SPEED_MIN' becomes localparam in 'cmd_parse' with formal parameter declaration list [/home/amd/training/phys_opt/lab/KCU105/verilog/wave_gen.srcs/sources_1/imports/cmd_parse.v:90]
WARNING: [Synth 8-11065] parameter 'RAM_MAX' becomes localparam in 'cmd_parse' with formal parameter declaration list [/home/amd/training/phys_opt/lab/KCU105/verilog/wave_gen.srcs/sources_1/imports/cmd_parse.v:91]
WARNING: [Synth 8-11065] parameter 'SAMP_WID' becomes localparam in 'cmd_parse' with formal parameter declaration list [/home/amd/training/phys_opt/lab/KCU105/verilog/wave_gen.srcs/sources_1/imports/cmd_parse.v:92]
WARNING: [Synth 8-11065] parameter 'PRE_WID' becomes localparam in 'cmd_parse' with formal parameter declaration list [/home/amd/training/phys_opt/lab/KCU105/verilog/wave_gen.srcs/sources_1/imports/cmd_parse.v:93]
WARNING: [Synth 8-11065] parameter 'SPD_WID' becomes localparam in 'cmd_parse' with formal parameter declaration list [/home/amd/training/phys_opt/lab/KCU105/verilog/wave_gen.srcs/sources_1/imports/cmd_parse.v:94]
WARNING: [Synth 8-11065] parameter 'MAX_ARG_CH' becomes localparam in 'cmd_parse' with formal parameter declaration list [/home/amd/training/phys_opt/lab/KCU105/verilog/wave_gen.srcs/sources_1/imports/cmd_parse.v:95]
INFO: [Synth 8-11241] undeclared symbol 'start_spi', assumed default net type 'wire' [/home/amd/training/phys_opt/lab/KCU105/verilog/wave_gen.srcs/sources_1/imports/dac_spi.v:85]
INFO: [Synth 8-11241] undeclared symbol 'dac_clr_n_o', assumed default net type 'wire' [/home/amd/training/phys_opt/lab/KCU105/verilog/wave_gen.srcs/sources_1/imports/wave_gen.v:192]
---------------------------------------------------------------------------------
Starting RTL Elaboration : Time (s): cpu = 00:00:05 ; elapsed = 00:00:05 . Memory (MB): peak = 2701.352 ; gain = 375.770 ; free physical = 8728 ; free virtual = 14002
Synthesis current peak Physical Memory [PSS] (MB): peak = 2122.661; parent = 1914.082; children = 208.579
Synthesis current peak Virtual Memory [VSS] (MB): peak = 3699.383; parent = 2704.324; children = 995.059
---------------------------------------------------------------------------------
INFO: [Synth 8-6157] synthesizing module 'wave_gen' [/home/amd/training/phys_opt/lab/KCU105/verilog/wave_gen.srcs/sources_1/imports/wave_gen.v:32]
INFO: [Synth 8-6157] synthesizing module 'IBUF' [/opt/amd/Vivado/2022.2/scripts/rt/data/unisim_comp.v:71326]
INFO: [Synth 8-6155] done synthesizing module 'IBUF' (0#1) [/opt/amd/Vivado/2022.2/scripts/rt/data/unisim_comp.v:71326]
INFO: [Synth 8-6157] synthesizing module 'OBUF' [/opt/amd/Vivado/2022.2/scripts/rt/data/unisim_comp.v:90662]
INFO: [Synth 8-6155] done synthesizing module 'OBUF' (0#1) [/opt/amd/Vivado/2022.2/scripts/rt/data/unisim_comp.v:90662]
INFO: [Synth 8-6157] synthesizing module 'clk_gen' [/home/amd/training/phys_opt/lab/KCU105/verilog/wave_gen.srcs/sources_1/imports/clk_gen.v:33]
INFO: [Synth 8-6157] synthesizing module 'clk_div' [/home/amd/training/phys_opt/lab/KCU105/verilog/wave_gen.srcs/sources_1/imports/clk_div.v:30]
INFO: [Synth 8-6155] done synthesizing module 'clk_div' (0#1) [/home/amd/training/phys_opt/lab/KCU105/verilog/wave_gen.srcs/sources_1/imports/clk_div.v:30]
INFO: [Synth 8-6157] synthesizing module 'clk_core_phys_opt' [/home/amd/training/phys_opt/lab/KCU105/verilog/wave_gen.runs/synth_1/.Xil/Vivado-26830-amd/realtime/clk_core_phys_opt_stub.v:5]
INFO: [Synth 8-6155] done synthesizing module 'clk_core_phys_opt' (0#1) [/home/amd/training/phys_opt/lab/KCU105/verilog/wave_gen.runs/synth_1/.Xil/Vivado-26830-amd/realtime/clk_core_phys_opt_stub.v:5]
INFO: [Synth 8-6157] synthesizing module 'BUFGCE' [/opt/amd/Vivado/2022.2/scripts/rt/data/unisim_comp.v:1092]
	Parameter CE_TYPE bound to: SYNC - type: string 
	Parameter IS_CE_INVERTED bound to: 1'b0 
	Parameter IS_I_INVERTED bound to: 1'b0 
INFO: [Synth 8-6155] done synthesizing module 'BUFGCE' (0#1) [/opt/amd/Vivado/2022.2/scripts/rt/data/unisim_comp.v:1092]
INFO: [Synth 8-6155] done synthesizing module 'clk_gen' (0#1) [/home/amd/training/phys_opt/lab/KCU105/verilog/wave_gen.srcs/sources_1/imports/clk_gen.v:33]
INFO: [Synth 8-6157] synthesizing module 'rst_gen' [/home/amd/training/phys_opt/lab/KCU105/verilog/wave_gen.srcs/sources_1/imports/rst_gen.v:26]
INFO: [Synth 8-6157] synthesizing module 'reset_bridge' [/home/amd/training/phys_opt/lab/KCU105/verilog/wave_gen.srcs/sources_1/imports/reset_bridge.v:35]
INFO: [Synth 8-6155] done synthesizing module 'reset_bridge' (0#1) [/home/amd/training/phys_opt/lab/KCU105/verilog/wave_gen.srcs/sources_1/imports/reset_bridge.v:35]
INFO: [Synth 8-6155] done synthesizing module 'rst_gen' (0#1) [/home/amd/training/phys_opt/lab/KCU105/verilog/wave_gen.srcs/sources_1/imports/rst_gen.v:26]
INFO: [Synth 8-6157] synthesizing module 'uart_rx' [/home/amd/training/phys_opt/lab/KCU105/verilog/wave_gen.srcs/sources_1/imports/uart_rx.v:37]
	Parameter BAUD_RATE bound to: 115200 - type: integer 
	Parameter CLOCK_RATE bound to: 200000000 - type: integer 
INFO: [Synth 8-6157] synthesizing module 'meta_harden' [/home/amd/training/phys_opt/lab/KCU105/verilog/wave_gen.srcs/sources_1/imports/meta_harden.v:27]
INFO: [Synth 8-6155] done synthesizing module 'meta_harden' (0#1) [/home/amd/training/phys_opt/lab/KCU105/verilog/wave_gen.srcs/sources_1/imports/meta_harden.v:27]
INFO: [Synth 8-6157] synthesizing module 'uart_baud_gen' [/home/amd/training/phys_opt/lab/KCU105/verilog/wave_gen.srcs/sources_1/imports/uart_baud_gen.v:35]
	Parameter BAUD_RATE bound to: 115200 - type: integer 
	Parameter CLOCK_RATE bound to: 200000000 - type: integer 
INFO: [Synth 8-6155] done synthesizing module 'uart_baud_gen' (0#1) [/home/amd/training/phys_opt/lab/KCU105/verilog/wave_gen.srcs/sources_1/imports/uart_baud_gen.v:35]
INFO: [Synth 8-6157] synthesizing module 'uart_rx_ctl' [/home/amd/training/phys_opt/lab/KCU105/verilog/wave_gen.srcs/sources_1/imports/uart_rx_ctl.v:52]
INFO: [Synth 8-6155] done synthesizing module 'uart_rx_ctl' (0#1) [/home/amd/training/phys_opt/lab/KCU105/verilog/wave_gen.srcs/sources_1/imports/uart_rx_ctl.v:52]
INFO: [Synth 8-6155] done synthesizing module 'uart_rx' (0#1) [/home/amd/training/phys_opt/lab/KCU105/verilog/wave_gen.srcs/sources_1/imports/uart_rx.v:37]
INFO: [Synth 8-6157] synthesizing module 'cmd_parse' [/home/amd/training/phys_opt/lab/KCU105/verilog/wave_gen.srcs/sources_1/imports/cmd_parse.v:37]
	Parameter NSAMP_WID bound to: 10 - type: integer 
	Parameter PW bound to: 3 - type: integer 
INFO: [Synth 8-155] case statement is not full and has no default [/home/amd/training/phys_opt/lab/KCU105/verilog/wave_gen.srcs/sources_1/imports/cmd_parse.v:365]
INFO: [Synth 8-6155] done synthesizing module 'cmd_parse' (0#1) [/home/amd/training/phys_opt/lab/KCU105/verilog/wave_gen.srcs/sources_1/imports/cmd_parse.v:37]
INFO: [Synth 8-6157] synthesizing module 'samp_ram' [/home/amd/training/phys_opt/lab/KCU105/verilog/wave_gen.srcs/sources_1/imports/samp_ram.v:25]
INFO: [Synth 8-6155] done synthesizing module 'samp_ram' (0#1) [/home/amd/training/phys_opt/lab/KCU105/verilog/wave_gen.srcs/sources_1/imports/samp_ram.v:25]
INFO: [Synth 8-6157] synthesizing module 'resp_gen' [/home/amd/training/phys_opt/lab/KCU105/verilog/wave_gen.srcs/sources_1/imports/resp_gen.v:41]
INFO: [Synth 8-6157] synthesizing module 'to_bcd' [/home/amd/training/phys_opt/lab/KCU105/verilog/wave_gen.srcs/sources_1/imports/to_bcd.v:33]
INFO: [Synth 8-6155] done synthesizing module 'to_bcd' (0#1) [/home/amd/training/phys_opt/lab/KCU105/verilog/wave_gen.srcs/sources_1/imports/to_bcd.v:33]
INFO: [Synth 8-6155] done synthesizing module 'resp_gen' (0#1) [/home/amd/training/phys_opt/lab/KCU105/verilog/wave_gen.srcs/sources_1/imports/resp_gen.v:41]
INFO: [Synth 8-6157] synthesizing module 'char_fifo_phys_opt' [/home/amd/training/phys_opt/lab/KCU105/verilog/wave_gen.runs/synth_1/.Xil/Vivado-26830-amd/realtime/char_fifo_phys_opt_stub.v:5]
INFO: [Synth 8-6155] done synthesizing module 'char_fifo_phys_opt' (0#1) [/home/amd/training/phys_opt/lab/KCU105/verilog/wave_gen.runs/synth_1/.Xil/Vivado-26830-amd/realtime/char_fifo_phys_opt_stub.v:5]
INFO: [Synth 8-6157] synthesizing module 'uart_tx' [/home/amd/training/phys_opt/lab/KCU105/verilog/wave_gen.srcs/sources_1/imports/uart_tx.v:35]
	Parameter BAUD_RATE bound to: 115200 - type: integer 
	Parameter CLOCK_RATE bound to: 193750000 - type: integer 
INFO: [Synth 8-6157] synthesizing module 'uart_baud_gen__parameterized0' [/home/amd/training/phys_opt/lab/KCU105/verilog/wave_gen.srcs/sources_1/imports/uart_baud_gen.v:35]
	Parameter BAUD_RATE bound to: 115200 - type: integer 
	Parameter CLOCK_RATE bound to: 193750000 - type: integer 
INFO: [Synth 8-6155] done synthesizing module 'uart_baud_gen__parameterized0' (0#1) [/home/amd/training/phys_opt/lab/KCU105/verilog/wave_gen.srcs/sources_1/imports/uart_baud_gen.v:35]
INFO: [Synth 8-6157] synthesizing module 'uart_tx_ctl' [/home/amd/training/phys_opt/lab/KCU105/verilog/wave_gen.srcs/sources_1/imports/uart_tx_ctl.v:60]
INFO: [Synth 8-6155] done synthesizing module 'uart_tx_ctl' (0#1) [/home/amd/training/phys_opt/lab/KCU105/verilog/wave_gen.srcs/sources_1/imports/uart_tx_ctl.v:60]
INFO: [Synth 8-6155] done synthesizing module 'uart_tx' (0#1) [/home/amd/training/phys_opt/lab/KCU105/verilog/wave_gen.srcs/sources_1/imports/uart_tx.v:35]
INFO: [Synth 8-6157] synthesizing module 'lb_ctl' [/home/amd/training/phys_opt/lab/KCU105/verilog/wave_gen.srcs/sources_1/imports/lb_ctl.v:32]
INFO: [Synth 8-6157] synthesizing module 'debouncer' [/home/amd/training/phys_opt/lab/KCU105/verilog/wave_gen.srcs/sources_1/imports/debouncer.v:26]
	Parameter FILTER bound to: 200000 - type: integer 
INFO: [Synth 8-6155] done synthesizing module 'debouncer' (0#1) [/home/amd/training/phys_opt/lab/KCU105/verilog/wave_gen.srcs/sources_1/imports/debouncer.v:26]
INFO: [Synth 8-6155] done synthesizing module 'lb_ctl' (0#1) [/home/amd/training/phys_opt/lab/KCU105/verilog/wave_gen.srcs/sources_1/imports/lb_ctl.v:32]
INFO: [Synth 8-6157] synthesizing module 'clkx_bus' [/home/amd/training/phys_opt/lab/KCU105/verilog/wave_gen.srcs/sources_1/imports/clkx_bus.v:34]
	Parameter PW bound to: 3 - type: integer 
	Parameter WIDTH bound to: 11 - type: integer 
INFO: [Synth 8-6155] done synthesizing module 'clkx_bus' (0#1) [/home/amd/training/phys_opt/lab/KCU105/verilog/wave_gen.srcs/sources_1/imports/clkx_bus.v:34]
INFO: [Synth 8-6157] synthesizing module 'clkx_bus__parameterized0' [/home/amd/training/phys_opt/lab/KCU105/verilog/wave_gen.srcs/sources_1/imports/clkx_bus.v:34]
	Parameter PW bound to: 3 - type: integer 
	Parameter WIDTH bound to: 16 - type: integer 
INFO: [Synth 8-6155] done synthesizing module 'clkx_bus__parameterized0' (0#1) [/home/amd/training/phys_opt/lab/KCU105/verilog/wave_gen.srcs/sources_1/imports/clkx_bus.v:34]
INFO: [Synth 8-6157] synthesizing module 'samp_gen' [/home/amd/training/phys_opt/lab/KCU105/verilog/wave_gen.srcs/sources_1/imports/samp_gen.v:43]
	Parameter NSAMP_WID bound to: 10 - type: integer 
INFO: [Synth 8-6155] done synthesizing module 'samp_gen' (0#1) [/home/amd/training/phys_opt/lab/KCU105/verilog/wave_gen.srcs/sources_1/imports/samp_gen.v:43]
INFO: [Synth 8-6157] synthesizing module 'dac_spi' [/home/amd/training/phys_opt/lab/KCU105/verilog/wave_gen.srcs/sources_1/imports/dac_spi.v:32]
INFO: [Synth 8-6157] synthesizing module 'out_ddr_flop' [/home/amd/training/phys_opt/lab/KCU105/verilog/wave_gen.srcs/sources_1/imports/out_ddr_flop.v:28]
INFO: [Synth 8-6157] synthesizing module 'ODDRE1' [/opt/amd/Vivado/2022.2/scripts/rt/data/unisim_comp.v:94319]
	Parameter SRVAL bound to: 1'b0 
INFO: [Synth 8-6155] done synthesizing module 'ODDRE1' (0#1) [/opt/amd/Vivado/2022.2/scripts/rt/data/unisim_comp.v:94319]
INFO: [Synth 8-6155] done synthesizing module 'out_ddr_flop' (0#1) [/home/amd/training/phys_opt/lab/KCU105/verilog/wave_gen.srcs/sources_1/imports/out_ddr_flop.v:28]
INFO: [Synth 8-6155] done synthesizing module 'dac_spi' (0#1) [/home/amd/training/phys_opt/lab/KCU105/verilog/wave_gen.srcs/sources_1/imports/dac_spi.v:32]
INFO: [Synth 8-6155] done synthesizing module 'wave_gen' (0#1) [/home/amd/training/phys_opt/lab/KCU105/verilog/wave_gen.srcs/sources_1/imports/wave_gen.v:32]
---------------------------------------------------------------------------------
Finished RTL Elaboration : Time (s): cpu = 00:00:06 ; elapsed = 00:00:07 . Memory (MB): peak = 2782.289 ; gain = 456.707 ; free physical = 8804 ; free virtual = 14079
Synthesis current peak Physical Memory [PSS] (MB): peak = 2122.661; parent = 1914.082; children = 208.579
Synthesis current peak Virtual Memory [VSS] (MB): peak = 3777.352; parent = 2782.293; children = 995.059
---------------------------------------------------------------------------------
---------------------------------------------------------------------------------
Start Handling Custom Attributes
---------------------------------------------------------------------------------
---------------------------------------------------------------------------------
Finished Handling Custom Attributes : Time (s): cpu = 00:00:06 ; elapsed = 00:00:07 . Memory (MB): peak = 2800.102 ; gain = 474.520 ; free physical = 8804 ; free virtual = 14079
Synthesis current peak Physical Memory [PSS] (MB): peak = 2122.661; parent = 1914.082; children = 208.579
Synthesis current peak Virtual Memory [VSS] (MB): peak = 3795.164; parent = 2800.105; children = 995.059
---------------------------------------------------------------------------------
---------------------------------------------------------------------------------
Finished RTL Optimization Phase 1 : Time (s): cpu = 00:00:06 ; elapsed = 00:00:07 . Memory (MB): peak = 2800.102 ; gain = 474.520 ; free physical = 8804 ; free virtual = 14079
Synthesis current peak Physical Memory [PSS] (MB): peak = 2122.661; parent = 1914.082; children = 208.579
Synthesis current peak Virtual Memory [VSS] (MB): peak = 3795.164; parent = 2800.105; children = 995.059
---------------------------------------------------------------------------------
Netlist sorting complete. Time (s): cpu = 00:00:00.01 ; elapsed = 00:00:00.01 . Memory (MB): peak = 2806.039 ; gain = 0.000 ; free physical = 8793 ; free virtual = 14067
INFO: [Netlist 29-17] Analyzing 4 Unisim elements for replacement
INFO: [Netlist 29-28] Unisim Transformation completed in 0 CPU seconds
INFO: [Project 1-570] Preparing netlist for logic optimization

Processing XDC Constraints
Initializing timing engine
Parsing XDC File [/home/amd/training/phys_opt/lab/KCU105/verilog/wave_gen.gen/sources_1/ip/char_fifo_phys_opt/char_fifo_phys_opt/char_fifo_phys_opt_in_context.xdc] for cell 'char_fifo_i0'
Finished Parsing XDC File [/home/amd/training/phys_opt/lab/KCU105/verilog/wave_gen.gen/sources_1/ip/char_fifo_phys_opt/char_fifo_phys_opt/char_fifo_phys_opt_in_context.xdc] for cell 'char_fifo_i0'
Parsing XDC File [/home/amd/training/phys_opt/lab/KCU105/verilog/wave_gen.gen/sources_1/ip/clk_core_phys_opt/clk_core_phys_opt/clk_core_phys_opt_in_context.xdc] for cell 'clk_gen_i0/clk_core_i0'
Finished Parsing XDC File [/home/amd/training/phys_opt/lab/KCU105/verilog/wave_gen.gen/sources_1/ip/clk_core_phys_opt/clk_core_phys_opt/clk_core_phys_opt_in_context.xdc] for cell 'clk_gen_i0/clk_core_i0'
Parsing XDC File [/home/amd/training/phys_opt/lab/KCU105/verilog/wave_gen.srcs/constrs_1/imports/wave_gen_timing_phys_opt.xdc]
WARNING: [Constraints 18-619] A clock with name 'clk_pin_p' already exists, overwriting the previous clock with the same name. [/home/amd/training/phys_opt/lab/KCU105/verilog/wave_gen.srcs/constrs_1/imports/wave_gen_timing_phys_opt.xdc:2]
INFO: [Constraints 18-483] create_clock: no pin(s)/port(s)/net(s) specified as objects, only virtual clock 'clk_tx_virtual' will be created. If you don't want this, please specify pin(s)/ports(s)/net(s) as objects to the command. [/home/amd/training/phys_opt/lab/KCU105/verilog/wave_gen.srcs/constrs_1/imports/wave_gen_timing_phys_opt.xdc:9]
INFO: [Constraints 18-483] create_clock: no pin(s)/port(s)/net(s) specified as objects, only virtual clock 'clk_rx_virtual' will be created. If you don't want this, please specify pin(s)/ports(s)/net(s) as objects to the command. [/home/amd/training/phys_opt/lab/KCU105/verilog/wave_gen.srcs/constrs_1/imports/wave_gen_timing_phys_opt.xdc:14]
WARNING: [Designutils 20-1567] Use of 'set_multicycle_path' with '-hold' is not supported by synthesis. The constraint will not be passed to synthesis. [/home/amd/training/phys_opt/lab/KCU105/verilog/wave_gen.srcs/constrs_1/imports/wave_gen_timing_phys_opt.xdc:28]
INFO: [Vivado 12-2286] Implicit search of objects for pattern 'clkx_nsamp_i0/meta_harden_bus_new_i0/signal_meta_reg' matched to 'cell' objects. [/home/amd/training/phys_opt/lab/KCU105/verilog/wave_gen.srcs/constrs_1/imports/wave_gen_timing_phys_opt.xdc:38]
Resolution: To avoid ambiguous patterns, provide proper objects using get commands e.g. [get_nets xyz].
INFO: [Vivado 12-2286] Implicit search of objects for pattern 'clkx_nsamp_i0/meta_harden_bus_new_i0/signal_dst_reg' matched to 'cell' objects. [/home/amd/training/phys_opt/lab/KCU105/verilog/wave_gen.srcs/constrs_1/imports/wave_gen_timing_phys_opt.xdc:38]
Resolution: To avoid ambiguous patterns, provide proper objects using get commands e.g. [get_nets xyz].
INFO: [Vivado 12-2286] Implicit search of objects for pattern 'clkx_pre_i0/meta_harden_bus_new_i0/signal_meta_reg' matched to 'cell' objects. [/home/amd/training/phys_opt/lab/KCU105/verilog/wave_gen.srcs/constrs_1/imports/wave_gen_timing_phys_opt.xdc:39]
Resolution: To avoid ambiguous patterns, provide proper objects using get commands e.g. [get_nets xyz].
INFO: [Vivado 12-2286] Implicit search of objects for pattern 'clkx_pre_i0/meta_harden_bus_new_i0/signal_dst_reg' matched to 'cell' objects. [/home/amd/training/phys_opt/lab/KCU105/verilog/wave_gen.srcs/constrs_1/imports/wave_gen_timing_phys_opt.xdc:39]
Resolution: To avoid ambiguous patterns, provide proper objects using get commands e.g. [get_nets xyz].
INFO: [Vivado 12-2286] Implicit search of objects for pattern 'clkx_spd_i0/meta_harden_bus_new_i0/signal_meta_reg' matched to 'cell' objects. [/home/amd/training/phys_opt/lab/KCU105/verilog/wave_gen.srcs/constrs_1/imports/wave_gen_timing_phys_opt.xdc:40]
Resolution: To avoid ambiguous patterns, provide proper objects using get commands e.g. [get_nets xyz].
INFO: [Vivado 12-2286] Implicit search of objects for pattern 'clkx_spd_i0/meta_harden_bus_new_i0/signal_dst_reg' matched to 'cell' objects. [/home/amd/training/phys_opt/lab/KCU105/verilog/wave_gen.srcs/constrs_1/imports/wave_gen_timing_phys_opt.xdc:40]
Resolution: To avoid ambiguous patterns, provide proper objects using get commands e.g. [get_nets xyz].
INFO: [Vivado 12-2286] Implicit search of objects for pattern 'lb_ctl_i0/debouncer_i0/meta_harden_signal_in_i0/signal_meta_reg' matched to 'cell' objects. [/home/amd/training/phys_opt/lab/KCU105/verilog/wave_gen.srcs/constrs_1/imports/wave_gen_timing_phys_opt.xdc:41]
Resolution: To avoid ambiguous patterns, provide proper objects using get commands e.g. [get_nets xyz].
INFO: [Vivado 12-2286] Implicit search of objects for pattern 'lb_ctl_i0/debouncer_i0/meta_harden_signal_in_i0/signal_dst_reg' matched to 'cell' objects. [/home/amd/training/phys_opt/lab/KCU105/verilog/wave_gen.srcs/constrs_1/imports/wave_gen_timing_phys_opt.xdc:41]
Resolution: To avoid ambiguous patterns, provide proper objects using get commands e.g. [get_nets xyz].
INFO: [Vivado 12-2286] Implicit search of objects for pattern 'samp_gen_i0/meta_harden_samp_gen_go_i0/signal_meta_reg' matched to 'cell' objects. [/home/amd/training/phys_opt/lab/KCU105/verilog/wave_gen.srcs/constrs_1/imports/wave_gen_timing_phys_opt.xdc:42]
Resolution: To avoid ambiguous patterns, provide proper objects using get commands e.g. [get_nets xyz].
INFO: [Vivado 12-2286] Implicit search of objects for pattern 'samp_gen_i0/meta_harden_samp_gen_go_i0/signal_dst_reg' matched to 'cell' objects. [/home/amd/training/phys_opt/lab/KCU105/verilog/wave_gen.srcs/constrs_1/imports/wave_gen_timing_phys_opt.xdc:42]
Resolution: To avoid ambiguous patterns, provide proper objects using get commands e.g. [get_nets xyz].
INFO: [Vivado 12-2286] Implicit search of objects for pattern 'uart_rx_i0/meta_harden_rxd_i0/signal_meta_reg' matched to 'cell' objects. [/home/amd/training/phys_opt/lab/KCU105/verilog/wave_gen.srcs/constrs_1/imports/wave_gen_timing_phys_opt.xdc:43]
Resolution: To avoid ambiguous patterns, provide proper objects using get commands e.g. [get_nets xyz].
INFO: [Vivado 12-2286] Implicit search of objects for pattern 'uart_rx_i0/meta_harden_rxd_i0/signal_dst_reg' matched to 'cell' objects. [/home/amd/training/phys_opt/lab/KCU105/verilog/wave_gen.srcs/constrs_1/imports/wave_gen_timing_phys_opt.xdc:43]
Resolution: To avoid ambiguous patterns, provide proper objects using get commands e.g. [get_nets xyz].
INFO: [Vivado 12-2286] Implicit search of objects for pattern 'rst_gen_i0/reset_bridge_clk_rx_i0/rst_meta_reg' matched to 'cell' objects. [/home/amd/training/phys_opt/lab/KCU105/verilog/wave_gen.srcs/constrs_1/imports/wave_gen_timing_phys_opt.xdc:45]
Resolution: To avoid ambiguous patterns, provide proper objects using get commands e.g. [get_nets xyz].
INFO: [Vivado 12-2286] Implicit search of objects for pattern 'rst_gen_i0/reset_bridge_clk_rx_i0/rst_dst_reg' matched to 'cell' objects. [/home/amd/training/phys_opt/lab/KCU105/verilog/wave_gen.srcs/constrs_1/imports/wave_gen_timing_phys_opt.xdc:45]
Resolution: To avoid ambiguous patterns, provide proper objects using get commands e.g. [get_nets xyz].
INFO: [Vivado 12-2286] Implicit search of objects for pattern 'rst_gen_i0/reset_bridge_clk_tx_i0/rst_meta_reg' matched to 'cell' objects. [/home/amd/training/phys_opt/lab/KCU105/verilog/wave_gen.srcs/constrs_1/imports/wave_gen_timing_phys_opt.xdc:46]
Resolution: To avoid ambiguous patterns, provide proper objects using get commands e.g. [get_nets xyz].
INFO: [Vivado 12-2286] Implicit search of objects for pattern 'rst_gen_i0/reset_bridge_clk_tx_i0/rst_dst_reg' matched to 'cell' objects. [/home/amd/training/phys_opt/lab/KCU105/verilog/wave_gen.srcs/constrs_1/imports/wave_gen_timing_phys_opt.xdc:46]
Resolution: To avoid ambiguous patterns, provide proper objects using get commands e.g. [get_nets xyz].
INFO: [Vivado 12-2286] Implicit search of objects for pattern 'rst_gen_i0/reset_bridge_clk_samp_i0/rst_meta_reg' matched to 'cell' objects. [/home/amd/training/phys_opt/lab/KCU105/verilog/wave_gen.srcs/constrs_1/imports/wave_gen_timing_phys_opt.xdc:47]
Resolution: To avoid ambiguous patterns, provide proper objects using get commands e.g. [get_nets xyz].
INFO: [Vivado 12-2286] Implicit search of objects for pattern 'rst_gen_i0/reset_bridge_clk_samp_i0/rst_dst_reg' matched to 'cell' objects. [/home/amd/training/phys_opt/lab/KCU105/verilog/wave_gen.srcs/constrs_1/imports/wave_gen_timing_phys_opt.xdc:47]
Resolution: To avoid ambiguous patterns, provide proper objects using get commands e.g. [get_nets xyz].
Finished Parsing XDC File [/home/amd/training/phys_opt/lab/KCU105/verilog/wave_gen.srcs/constrs_1/imports/wave_gen_timing_phys_opt.xdc]
INFO: [Project 1-236] Implementation specific constraints were found while reading constraint file [/home/amd/training/phys_opt/lab/KCU105/verilog/wave_gen.srcs/constrs_1/imports/wave_gen_timing_phys_opt.xdc]. These constraints will be ignored for synthesis but will be used in implementation. Impacted constraints are listed in the file [.Xil/wave_gen_propImpl.xdc].
Resolution: To avoid this warning, move constraints listed in [.Xil/wave_gen_propImpl.xdc] to another XDC file and exclude this new file from synthesis with the used_in_synthesis property (File Properties dialog in GUI) and re-run elaboration/synthesis.
Completed Processing XDC Constraints

Netlist sorting complete. Time (s): cpu = 00:00:00 ; elapsed = 00:00:00 . Memory (MB): peak = 2924.805 ; gain = 0.000 ; free physical = 8754 ; free virtual = 14029
INFO: [Project 1-111] Unisim Transformation Summary:
  A total of 4 instances were transformed.
  IBUF => IBUF (IBUFCTRL, INBUF): 3 instances
  ODDRE1 => OSERDESE3: 1 instance 

Constraint Validation Runtime : Time (s): cpu = 00:00:00 ; elapsed = 00:00:00.01 . Memory (MB): peak = 2924.805 ; gain = 0.000 ; free physical = 8754 ; free virtual = 14029
WARNING: [Timing 38-316] Clock period '1000.000' specified during out-of-context synthesis of instance 'char_fifo_i0' at clock pin 'rd_clk' is different from the actual clock period '5.161', this can lead to different synthesis results.
INFO: [Designutils 20-5440] No compile time benefit to using incremental synthesis; A full resynthesis will be run
INFO: [Designutils 20-4379] Flow is switching to default flow due to incremental criteria not met. If you would like to alter this behaviour and have the flow terminate instead, please set the following parameter config_implementation {autoIncr.Synth.RejectBehavior Terminate}
INFO: [Synth 8-11241] undeclared symbol 'REGCCE', assumed default net type 'wire' [/opt/amd/Vivado/2022.2/data/verilog/src/unimacro/BRAM_SINGLE_MACRO.v:2170]
---------------------------------------------------------------------------------
Finished Constraint Validation : Time (s): cpu = 00:00:14 ; elapsed = 00:00:15 . Memory (MB): peak = 2924.805 ; gain = 599.223 ; free physical = 8778 ; free virtual = 14052
Synthesis current peak Physical Memory [PSS] (MB): peak = 2122.661; parent = 1914.082; children = 208.579
Synthesis current peak Virtual Memory [VSS] (MB): peak = 3919.867; parent = 2924.809; children = 995.059
---------------------------------------------------------------------------------
---------------------------------------------------------------------------------
Start Loading Part and Timing Information
---------------------------------------------------------------------------------
Loading part: xcku040-ffva1156-2-e
INFO: [Synth 8-6742] Reading net delay rules and data
---------------------------------------------------------------------------------
Finished Loading Part and Timing Information : Time (s): cpu = 00:00:14 ; elapsed = 00:00:15 . Memory (MB): peak = 2924.805 ; gain = 599.223 ; free physical = 8778 ; free virtual = 14052
Synthesis current peak Physical Memory [PSS] (MB): peak = 2122.661; parent = 1914.082; children = 208.579
Synthesis current peak Virtual Memory [VSS] (MB): peak = 3919.867; parent = 2924.809; children = 995.059
---------------------------------------------------------------------------------
---------------------------------------------------------------------------------
Start Applying 'set_property' XDC Constraints
---------------------------------------------------------------------------------
Applied set_property IO_BUFFER_TYPE = NONE for clk_pin_n. (constraint file  /home/amd/training/phys_opt/lab/KCU105/verilog/wave_gen.gen/sources_1/ip/clk_core_phys_opt/clk_core_phys_opt/clk_core_phys_opt_in_context.xdc, line 4).
Applied set_property CLOCK_BUFFER_TYPE = NONE for clk_pin_n. (constraint file  /home/amd/training/phys_opt/lab/KCU105/verilog/wave_gen.gen/sources_1/ip/clk_core_phys_opt/clk_core_phys_opt/clk_core_phys_opt_in_context.xdc, line 5).
Applied set_property IO_BUFFER_TYPE = NONE for clk_pin_p. (constraint file  /home/amd/training/phys_opt/lab/KCU105/verilog/wave_gen.gen/sources_1/ip/clk_core_phys_opt/clk_core_phys_opt/clk_core_phys_opt_in_context.xdc, line 6).
Applied set_property CLOCK_BUFFER_TYPE = NONE for clk_pin_p. (constraint file  /home/amd/training/phys_opt/lab/KCU105/verilog/wave_gen.gen/sources_1/ip/clk_core_phys_opt/clk_core_phys_opt/clk_core_phys_opt_in_context.xdc, line 7).
Applied set_property KEEP_HIERARCHY = SOFT for char_fifo_i0. (constraint file  auto generated constraint).
Applied set_property KEEP_HIERARCHY = SOFT for clk_gen_i0/clk_core_i0. (constraint file  auto generated constraint).
---------------------------------------------------------------------------------
Finished applying 'set_property' XDC Constraints : Time (s): cpu = 00:00:14 ; elapsed = 00:00:15 . Memory (MB): peak = 2924.805 ; gain = 599.223 ; free physical = 8778 ; free virtual = 14052
Synthesis current peak Physical Memory [PSS] (MB): peak = 2122.661; parent = 1914.082; children = 208.579
Synthesis current peak Virtual Memory [VSS] (MB): peak = 3919.867; parent = 2924.809; children = 995.059
---------------------------------------------------------------------------------
INFO: [Synth 8-802] inferred FSM for state register 'state_reg' in module 'uart_rx_ctl'
INFO: [Synth 8-802] inferred FSM for state register 'state_reg' in module 'cmd_parse'
INFO: [Synth 8-802] inferred FSM for state register 'state_reg' in module 'uart_tx_ctl'
---------------------------------------------------------------------------------------------------
                   State |                     New Encoding |                Previous Encoding 
---------------------------------------------------------------------------------------------------
                 iSTATE1 |                               00 |                               00
                  iSTATE |                               01 |                               01
                 iSTATE0 |                               10 |                               10
                 iSTATE2 |                               11 |                               11
---------------------------------------------------------------------------------------------------
INFO: [Synth 8-3354] encoded FSM with state register 'state_reg' using encoding 'sequential' in module 'uart_rx_ctl'
---------------------------------------------------------------------------------------------------
                   State |                     New Encoding |                Previous Encoding 
---------------------------------------------------------------------------------------------------
                    IDLE |                              000 |                              000
                CMD_WAIT |                              001 |                              001
                 GET_ARG |                              010 |                              010
                READ_RAM |                              011 |                              011
               READ_RAM2 |                              100 |                              100
               SEND_RESP |                              101 |                              101
---------------------------------------------------------------------------------------------------
INFO: [Synth 8-3354] encoded FSM with state register 'state_reg' using encoding 'sequential' in module 'cmd_parse'
INFO: [Synth 8-7030] Implemented Non-Cascaded Block Ram (cascade_height = 1) of width 16 for RAM "samp_ram:/mem_array_reg"
INFO: [Synth 8-3971] The signal "samp_ram:/mem_array_reg" was recognized as a true dual port RAM template.
---------------------------------------------------------------------------------------------------
                   State |                     New Encoding |                Previous Encoding 
---------------------------------------------------------------------------------------------------
                 iSTATE1 |                               00 |                               00
                 iSTATE2 |                               01 |                               01
                  iSTATE |                               10 |                               10
                 iSTATE0 |                               11 |                               11
---------------------------------------------------------------------------------------------------
INFO: [Synth 8-3354] encoded FSM with state register 'state_reg' using encoding 'sequential' in module 'uart_tx_ctl'
---------------------------------------------------------------------------------
Finished RTL Optimization Phase 2 : Time (s): cpu = 00:00:15 ; elapsed = 00:00:16 . Memory (MB): peak = 2924.805 ; gain = 599.223 ; free physical = 8773 ; free virtual = 14049
Synthesis current peak Physical Memory [PSS] (MB): peak = 2122.661; parent = 1914.082; children = 208.579
Synthesis current peak Virtual Memory [VSS] (MB): peak = 3919.867; parent = 2924.809; children = 995.059
---------------------------------------------------------------------------------
---------------------------------------------------------------------------------
Start RTL Component Statistics 
---------------------------------------------------------------------------------
Detailed RTL Component Info : 
+---Adders : 
	   2 Input   16 Bit       Adders := 2     
	   2 Input   14 Bit       Adders := 6     
	   2 Input   11 Bit       Adders := 1     
	   2 Input   10 Bit       Adders := 10    
	   2 Input    8 Bit       Adders := 8     
	   2 Input    7 Bit       Adders := 11    
	   2 Input    5 Bit       Adders := 1     
	   2 Input    4 Bit       Adders := 12    
	   2 Input    3 Bit       Adders := 3     
	   2 Input    2 Bit       Adders := 4     
+---Registers : 
	               28 Bit    Registers := 1     
	               19 Bit    Registers := 1     
	               16 Bit    Registers := 13    
	               11 Bit    Registers := 3     
	               10 Bit    Registers := 2     
	                8 Bit    Registers := 5     
	                7 Bit    Registers := 3     
	                5 Bit    Registers := 1     
	                4 Bit    Registers := 3     
	                3 Bit    Registers := 3     
	                2 Bit    Registers := 7     
	                1 Bit    Registers := 64    
+---RAMs : 
	              16K Bit	(1024 X 16 bit)          RAMs := 1     
+---Muxes : 
	   2 Input   19 Bit        Muxes := 2     
	   6 Input   16 Bit        Muxes := 1     
	   2 Input   16 Bit        Muxes := 3     
	   2 Input   11 Bit        Muxes := 1     
	   2 Input    8 Bit        Muxes := 12    
	   7 Input    8 Bit        Muxes := 1     
	  14 Input    8 Bit        Muxes := 1     
	   8 Input    8 Bit        Muxes := 1     
	   2 Input    5 Bit        Muxes := 3     
	   3 Input    5 Bit        Muxes := 1     
	   2 Input    4 Bit        Muxes := 5     
	   5 Input    4 Bit        Muxes := 1     
	   2 Input    3 Bit        Muxes := 3     
	   7 Input    3 Bit        Muxes := 2     
	   6 Input    3 Bit        Muxes := 4     
	   3 Input    3 Bit        Muxes := 3     
	   4 Input    2 Bit        Muxes := 3     
	   2 Input    2 Bit        Muxes := 13    
	   5 Input    2 Bit        Muxes := 1     
	   7 Input    2 Bit        Muxes := 1     
	   6 Input    2 Bit        Muxes := 2     
	   3 Input    2 Bit        Muxes := 4     
	   2 Input    1 Bit        Muxes := 58    
	   4 Input    1 Bit        Muxes := 3     
	   6 Input    1 Bit        Muxes := 29    
	   7 Input    1 Bit        Muxes := 3     
	   3 Input    1 Bit        Muxes := 2     
---------------------------------------------------------------------------------
Finished RTL Component Statistics 
---------------------------------------------------------------------------------
---------------------------------------------------------------------------------
Start Part Resource Summary
---------------------------------------------------------------------------------
Part Resources:
DSPs: 1920 (col length:120)
BRAMs: 1200 (col length: RAMB18 120 RAMB36 60)
---------------------------------------------------------------------------------
Finished Part Resource Summary
---------------------------------------------------------------------------------
---------------------------------------------------------------------------------
Start Cross Boundary and Area Optimization
---------------------------------------------------------------------------------
WARNING: [Synth 8-7080] Parallel synthesis criteria is not met
WARNING: [Synth 8-6014] Unused sequential element samp_ram_i0/mem_array_reg was removed. 
INFO: [Synth 8-7030] Implemented Non-Cascaded Block Ram (cascade_height = 1) of width 16 for RAM "wave_gen/samp_ram_i0/mem_array_reg"
---------------------------------------------------------------------------------
Finished Cross Boundary and Area Optimization : Time (s): cpu = 00:01:23 ; elapsed = 00:01:25 . Memory (MB): peak = 2924.805 ; gain = 599.223 ; free physical = 8746 ; free virtual = 14027
Synthesis current peak Physical Memory [PSS] (MB): peak = 2216.515; parent = 2008.403; children = 208.579
Synthesis current peak Virtual Memory [VSS] (MB): peak = 3919.867; parent = 2924.809; children = 995.059
---------------------------------------------------------------------------------
---------------------------------------------------------------------------------
Start ROM, RAM, DSP, Shift Register and Retiming Reporting
---------------------------------------------------------------------------------

Block RAM: Preliminary Mapping Report (see note below)
+------------+---------------------------+------------------------+---+---+------------------------+---+---+------------------+--------+--------+-----------------+
|Module Name | RTL Object                | PORT A (Depth x Width) | W | R | PORT B (Depth x Width) | W | R | Ports driving FF | RAMB18 | RAMB36 | Cascade Heights | 
+------------+---------------------------+------------------------+---+---+------------------------+---+---+------------------+--------+--------+-----------------+
|wave_gen    | samp_ram_i0/mem_array_reg | 1 K x 16(WRITE_FIRST)  | W | R | 1 K x 16(WRITE_FIRST)  |   | R | Port A and B     | 1      | 0      | 1               | 
+------------+---------------------------+------------------------+---+---+------------------------+---+---+------------------+--------+--------+-----------------+

Note: The table above is a preliminary report that shows the Block RAMs at the current stage of the synthesis flow. Some Block RAMs may be reimplemented as non Block RAM primitives later in the synthesis flow. Multiple instantiated Block RAMs are reported only once. 
---------------------------------------------------------------------------------
Finished ROM, RAM, DSP, Shift Register and Retiming Reporting
---------------------------------------------------------------------------------
---------------------------------------------------------------------------------
Start Applying XDC Timing Constraints
---------------------------------------------------------------------------------
WARNING: [Synth 8-565] redefining clock 'clk_pin_p'
---------------------------------------------------------------------------------
Finished Applying XDC Timing Constraints : Time (s): cpu = 00:01:29 ; elapsed = 00:01:32 . Memory (MB): peak = 2935.406 ; gain = 609.824 ; free physical = 8540 ; free virtual = 13821
Synthesis current peak Physical Memory [PSS] (MB): peak = 2334.729; parent = 2126.639; children = 208.579
Synthesis current peak Virtual Memory [VSS] (MB): peak = 3930.469; parent = 2935.410; children = 995.059
---------------------------------------------------------------------------------
---------------------------------------------------------------------------------
Start Timing Optimization
---------------------------------------------------------------------------------
---------------------------------------------------------------------------------
Finished Timing Optimization : Time (s): cpu = 00:01:29 ; elapsed = 00:01:32 . Memory (MB): peak = 2935.406 ; gain = 609.824 ; free physical = 8538 ; free virtual = 13819
Synthesis current peak Physical Memory [PSS] (MB): peak = 2336.775; parent = 2128.686; children = 208.579
Synthesis current peak Virtual Memory [VSS] (MB): peak = 3930.469; parent = 2935.410; children = 995.059
---------------------------------------------------------------------------------
---------------------------------------------------------------------------------
Start ROM, RAM, DSP, Shift Register and Retiming Reporting
---------------------------------------------------------------------------------

Block RAM: Final Mapping Report
+------------+---------------------------+------------------------+---+---+------------------------+---+---+------------------+--------+--------+-----------------+
|Module Name | RTL Object                | PORT A (Depth x Width) | W | R | PORT B (Depth x Width) | W | R | Ports driving FF | RAMB18 | RAMB36 | Cascade Heights | 
+------------+---------------------------+------------------------+---+---+------------------------+---+---+------------------+--------+--------+-----------------+
|wave_gen    | samp_ram_i0/mem_array_reg | 1 K x 16(WRITE_FIRST)  | W | R | 1 K x 16(WRITE_FIRST)  |   | R | Port A and B     | 1      | 0      | 1               | 
+------------+---------------------------+------------------------+---+---+------------------------+---+---+------------------+--------+--------+-----------------+

---------------------------------------------------------------------------------
Finished ROM, RAM, DSP, Shift Register and Retiming Reporting
---------------------------------------------------------------------------------
---------------------------------------------------------------------------------
Start Technology Mapping
---------------------------------------------------------------------------------
INFO: [Synth 8-7052] The timing for the instance samp_ram_i0/mem_array_reg_bram_0 (implemented as a Block RAM) might be sub-optimal as no optional output register could be merged into the ram block. Providing additional output register may help in improving timing.
---------------------------------------------------------------------------------
Finished Technology Mapping : Time (s): cpu = 00:01:29 ; elapsed = 00:01:33 . Memory (MB): peak = 2953.422 ; gain = 627.840 ; free physical = 8519 ; free virtual = 13800
Synthesis current peak Physical Memory [PSS] (MB): peak = 2342.646; parent = 2134.557; children = 208.579
Synthesis current peak Virtual Memory [VSS] (MB): peak = 3948.484; parent = 2953.426; children = 995.059
---------------------------------------------------------------------------------
---------------------------------------------------------------------------------
Start IO Insertion
---------------------------------------------------------------------------------
---------------------------------------------------------------------------------
Start Flattening Before IO Insertion
---------------------------------------------------------------------------------
---------------------------------------------------------------------------------
Finished Flattening Before IO Insertion
---------------------------------------------------------------------------------
---------------------------------------------------------------------------------
Start Final Netlist Cleanup
---------------------------------------------------------------------------------
---------------------------------------------------------------------------------
Finished Final Netlist Cleanup
---------------------------------------------------------------------------------
---------------------------------------------------------------------------------
Finished IO Insertion : Time (s): cpu = 00:01:33 ; elapsed = 00:01:37 . Memory (MB): peak = 2959.359 ; gain = 633.777 ; free physical = 8519 ; free virtual = 13799
Synthesis current peak Physical Memory [PSS] (MB): peak = 2343.189; parent = 2135.100; children = 208.579
Synthesis current peak Virtual Memory [VSS] (MB): peak = 3954.422; parent = 2959.363; children = 995.059
---------------------------------------------------------------------------------
---------------------------------------------------------------------------------
Start Renaming Generated Instances
---------------------------------------------------------------------------------
---------------------------------------------------------------------------------
Finished Renaming Generated Instances : Time (s): cpu = 00:01:33 ; elapsed = 00:01:37 . Memory (MB): peak = 2959.359 ; gain = 633.777 ; free physical = 8519 ; free virtual = 13799
Synthesis current peak Physical Memory [PSS] (MB): peak = 2343.252; parent = 2135.162; children = 208.579
Synthesis current peak Virtual Memory [VSS] (MB): peak = 3954.422; parent = 2959.363; children = 995.059
---------------------------------------------------------------------------------
---------------------------------------------------------------------------------
Start Rebuilding User Hierarchy
---------------------------------------------------------------------------------
---------------------------------------------------------------------------------
Finished Rebuilding User Hierarchy : Time (s): cpu = 00:01:33 ; elapsed = 00:01:37 . Memory (MB): peak = 2959.359 ; gain = 633.777 ; free physical = 8519 ; free virtual = 13799
Synthesis current peak Physical Memory [PSS] (MB): peak = 2343.373; parent = 2135.283; children = 208.579
Synthesis current peak Virtual Memory [VSS] (MB): peak = 3954.422; parent = 2959.363; children = 995.059
---------------------------------------------------------------------------------
---------------------------------------------------------------------------------
Start Renaming Generated Ports
---------------------------------------------------------------------------------
---------------------------------------------------------------------------------
Finished Renaming Generated Ports : Time (s): cpu = 00:01:33 ; elapsed = 00:01:37 . Memory (MB): peak = 2959.359 ; gain = 633.777 ; free physical = 8519 ; free virtual = 13799
Synthesis current peak Physical Memory [PSS] (MB): peak = 2343.373; parent = 2135.283; children = 208.579
Synthesis current peak Virtual Memory [VSS] (MB): peak = 3954.422; parent = 2959.363; children = 995.059
---------------------------------------------------------------------------------
---------------------------------------------------------------------------------
Start Handling Custom Attributes
---------------------------------------------------------------------------------
---------------------------------------------------------------------------------
Finished Handling Custom Attributes : Time (s): cpu = 00:01:33 ; elapsed = 00:01:37 . Memory (MB): peak = 2959.359 ; gain = 633.777 ; free physical = 8519 ; free virtual = 13799
Synthesis current peak Physical Memory [PSS] (MB): peak = 2343.373; parent = 2135.283; children = 208.579
Synthesis current peak Virtual Memory [VSS] (MB): peak = 3954.422; parent = 2959.363; children = 995.059
---------------------------------------------------------------------------------
---------------------------------------------------------------------------------
Start Renaming Generated Nets
---------------------------------------------------------------------------------
---------------------------------------------------------------------------------
Finished Renaming Generated Nets : Time (s): cpu = 00:01:33 ; elapsed = 00:01:37 . Memory (MB): peak = 2959.359 ; gain = 633.777 ; free physical = 8519 ; free virtual = 13799
Synthesis current peak Physical Memory [PSS] (MB): peak = 2343.389; parent = 2135.299; children = 208.579
Synthesis current peak Virtual Memory [VSS] (MB): peak = 3954.422; parent = 2959.363; children = 995.059
---------------------------------------------------------------------------------
---------------------------------------------------------------------------------
Start Writing Synthesis Report
---------------------------------------------------------------------------------

Report BlackBoxes: 
+------+-------------------+----------+
|      |BlackBox name      |Instances |
+------+-------------------+----------+
|1     |char_fifo_phys_opt |         1|
|2     |clk_core_phys_opt  |         1|
+------+-------------------+----------+

Report Cell Usage: 
+------+-------------------+------+
|      |Cell               |Count |
+------+-------------------+------+
|1     |char_fifo_phys_opt |     1|
|2     |clk_core_phys_opt  |     1|
|3     |BUFGCE             |     1|
|4     |CARRY8             |     7|
|5     |LUT1               |    24|
|6     |LUT2               |    85|
|7     |LUT3               |   180|
|8     |LUT4               |   103|
|9     |LUT5               |   127|
|10    |LUT6               |   296|
|11    |MUXF7              |     1|
|12    |ODDRE1             |     1|
|13    |RAMB18E2           |     1|
|14    |FDPE               |     6|
|15    |FDRE               |   415|
|16    |FDSE               |    25|
|17    |IBUF               |     3|
|18    |OBUF               |    13|
+------+-------------------+------+
---------------------------------------------------------------------------------
Finished Writing Synthesis Report : Time (s): cpu = 00:01:33 ; elapsed = 00:01:37 . Memory (MB): peak = 2959.359 ; gain = 633.777 ; free physical = 8519 ; free virtual = 13799
Synthesis current peak Physical Memory [PSS] (MB): peak = 2343.420; parent = 2135.330; children = 208.579
Synthesis current peak Virtual Memory [VSS] (MB): peak = 3954.422; parent = 2959.363; children = 995.059
---------------------------------------------------------------------------------
Synthesis finished with 0 errors, 0 critical warnings and 3 warnings.
Synthesis Optimization Runtime : Time (s): cpu = 00:01:32 ; elapsed = 00:01:36 . Memory (MB): peak = 2959.359 ; gain = 509.074 ; free physical = 8541 ; free virtual = 13822
Synthesis Optimization Complete : Time (s): cpu = 00:01:33 ; elapsed = 00:01:37 . Memory (MB): peak = 2959.367 ; gain = 633.777 ; free physical = 8541 ; free virtual = 13822
INFO: [Project 1-571] Translating synthesized netlist
Netlist sorting complete. Time (s): cpu = 00:00:00.01 ; elapsed = 00:00:00 . Memory (MB): peak = 2959.367 ; gain = 0.000 ; free physical = 8545 ; free virtual = 13825
INFO: [Netlist 29-17] Analyzing 12 Unisim elements for replacement
INFO: [Netlist 29-28] Unisim Transformation completed in 0 CPU seconds
INFO: [Project 1-570] Preparing netlist for logic optimization
INFO: [Opt 31-138] Pushed 0 inverter(s) to 0 load pin(s).
Netlist sorting complete. Time (s): cpu = 00:00:00 ; elapsed = 00:00:00 . Memory (MB): peak = 2980.141 ; gain = 0.000 ; free physical = 8617 ; free virtual = 13897
INFO: [Project 1-111] Unisim Transformation Summary:
  A total of 4 instances were transformed.
  IBUF => IBUF (IBUFCTRL, INBUF): 3 instances
  ODDRE1 => OSERDESE3: 1 instance 

Synth Design complete, checksum: a62264a1
INFO: [Common 17-83] Releasing license: Synthesis
117 Infos, 15 Warnings, 0 Critical Warnings and 0 Errors encountered.
synth_design completed successfully
synth_design: Time (s): cpu = 00:01:41 ; elapsed = 00:01:42 . Memory (MB): peak = 2980.141 ; gain = 1214.719 ; free physical = 8821 ; free virtual = 14101
INFO: [Common 17-1381] The checkpoint '/home/amd/training/phys_opt/lab/KCU105/verilog/wave_gen.runs/synth_1/wave_gen.dcp' has been generated.
INFO: [runtcl-4] Executing : report_utilization -file wave_gen_utilization_synth.rpt -pb wave_gen_utilization_synth.pb
INFO: [Common 17-206] Exiting Vivado at Wed Nov 30 13:11:16 2022...
