
*** Running vivado
    with args -log top.vds -m64 -product Vivado -mode batch -messageDb vivado.pb -notrace -source top.tcl


****** Vivado v2022.2 (64-bit)
  **** SW Build 3671981 on Fri Oct 14 04:59:54 MDT 2022
  **** IP Build 3669848 on Fri Oct 14 08:30:02 MDT 2022
    ** Copyright 1986-2022 Xilinx, Inc. All Rights Reserved.

source top.tcl -notrace
Command: synth_design -top top -part xqvu3p-ffrc1517-2LV-e -no_srlextract
Starting synth_design
Attempting to get a license for feature 'Synthesis' and/or device 'xqvu3p'
INFO: [Common 17-349] Got license for feature 'Synthesis' and/or device 'xqvu3p'
INFO: [Device 21-403] Loading part xqvu3p-ffrc1517-2LV-e
INFO: [Synth 8-7079] Multithreading enabled for synth_design using a maximum of 4 processes.
INFO: [Synth 8-7078] Launching helper process for spawning children vivado processes
INFO: [Synth 8-7075] Helper process launched with PID 2138
INFO: [Synth 8-11241] undeclared symbol 'REGCCE', assumed default net type 'wire' [/opt/amd/Vivado/2022.2/data/verilog/src/unimacro/BRAM_SINGLE_MACRO.v:2170]
---------------------------------------------------------------------------------
Starting RTL Elaboration : Time (s): cpu = 00:00:04 ; elapsed = 00:00:05 . Memory (MB): peak = 2999.645 ; gain = 364.738 ; free physical = 10136 ; free virtual = 13929
Synthesis current peak Physical Memory [PSS] (MB): peak = 2418.076; parent = 2208.707; children = 209.369
Synthesis current peak Virtual Memory [VSS] (MB): peak = 4024.750; parent = 2999.648; children = 1025.102
---------------------------------------------------------------------------------
INFO: [Synth 8-638] synthesizing module 'top' [/home/amd/training/Report_QoR/lab/vhdl/report_qor.srcs/sources_1/imports/original/top.vhd:49]
	Parameter CLKIN_PERIOD bound to: 10.000000 - type: double 
INFO: [Synth 8-3491] module 'clocking_module' declared at '/home/amd/training/Report_QoR/lab/vhdl/report_qor.srcs/sources_1/imports/original/clocking_module.vhd:8' bound to instance 'mmcm_inst' of component 'clocking_module' [/home/amd/training/Report_QoR/lab/vhdl/report_qor.srcs/sources_1/imports/original/top.vhd:106]
INFO: [Synth 8-638] synthesizing module 'clocking_module' [/home/amd/training/Report_QoR/lab/vhdl/report_qor.srcs/sources_1/imports/original/clocking_module.vhd:27]
	Parameter CLKIN_PERIOD bound to: 10.000000 - type: double 
INFO: [Synth 8-113] binding component instance 'clkin1_ibuf' to cell 'IBUF' [/home/amd/training/Report_QoR/lab/vhdl/report_qor.srcs/sources_1/imports/original/clocking_module.vhd:56]
	Parameter BANDWIDTH bound to: OPTIMIZED - type: string 
	Parameter CLKFBOUT_MULT_F bound to: 9.000000 - type: double 
	Parameter CLKFBOUT_PHASE bound to: 0.000000 - type: double 
	Parameter CLKFBOUT_USE_FINE_PS bound to: FALSE - type: string 
	Parameter CLKIN1_PERIOD bound to: 10.000000 - type: double 
	Parameter CLKIN2_PERIOD bound to: 0.000000 - type: double 
	Parameter CLKOUT0_DIVIDE_F bound to: 1.500000 - type: double 
	Parameter CLKOUT0_DUTY_CYCLE bound to: 0.500000 - type: double 
	Parameter CLKOUT0_PHASE bound to: 0.000000 - type: double 
	Parameter CLKOUT0_USE_FINE_PS bound to: FALSE - type: string 
	Parameter CLKOUT1_DIVIDE bound to: 3 - type: integer 
	Parameter CLKOUT1_DUTY_CYCLE bound to: 0.500000 - type: double 
	Parameter CLKOUT1_PHASE bound to: 0.000000 - type: double 
	Parameter CLKOUT1_USE_FINE_PS bound to: FALSE - type: string 
	Parameter CLKOUT2_DIVIDE bound to: 8 - type: integer 
	Parameter CLKOUT2_DUTY_CYCLE bound to: 0.500000 - type: double 
	Parameter CLKOUT2_PHASE bound to: 0.000000 - type: double 
	Parameter CLKOUT2_USE_FINE_PS bound to: FALSE - type: string 
	Parameter CLKOUT3_DIVIDE bound to: 3 - type: integer 
	Parameter CLKOUT3_DUTY_CYCLE bound to: 0.500000 - type: double 
	Parameter CLKOUT3_PHASE bound to: 0.000000 - type: double 
	Parameter CLKOUT3_USE_FINE_PS bound to: FALSE - type: string 
	Parameter CLKOUT4_CASCADE bound to: FALSE - type: string 
	Parameter CLKOUT4_DIVIDE bound to: 2 - type: integer 
	Parameter CLKOUT4_DUTY_CYCLE bound to: 0.500000 - type: double 
	Parameter CLKOUT4_PHASE bound to: 0.000000 - type: double 
	Parameter CLKOUT4_USE_FINE_PS bound to: FALSE - type: string 
	Parameter COMPENSATION bound to: AUTO - type: string 
	Parameter DIVCLK_DIVIDE bound to: 1 - type: integer 
	Parameter STARTUP_WAIT bound to: FALSE - type: string 
INFO: [Synth 8-113] binding component instance 'MMCME4_ADV_inst' to cell 'MMCME4_ADV' [/home/amd/training/Report_QoR/lab/vhdl/report_qor.srcs/sources_1/imports/original/clocking_module.vhd:62]
INFO: [Synth 8-113] binding component instance 'clkout1_buf' to cell 'BUFG' [/home/amd/training/Report_QoR/lab/vhdl/report_qor.srcs/sources_1/imports/original/clocking_module.vhd:144]
INFO: [Synth 8-113] binding component instance 'clkout2_buf' to cell 'BUFG' [/home/amd/training/Report_QoR/lab/vhdl/report_qor.srcs/sources_1/imports/original/clocking_module.vhd:150]
INFO: [Synth 8-256] done synthesizing module 'clocking_module' (0#1) [/home/amd/training/Report_QoR/lab/vhdl/report_qor.srcs/sources_1/imports/original/clocking_module.vhd:27]
	Parameter DATA_WIDTH bound to: 2000 - type: integer 
INFO: [Synth 8-3491] module 'reg_clka_to_clkb' declared at '/home/amd/training/Report_QoR/lab/vhdl/report_qor.srcs/sources_1/imports/original/reg_clka_to_clkb.vhd:34' bound to instance 'clk300_to_clk600_ffs_i' of component 'reg_clka_to_clkb' [/home/amd/training/Report_QoR/lab/vhdl/report_qor.srcs/sources_1/imports/original/top.vhd:123]
INFO: [Synth 8-638] synthesizing module 'reg_clka_to_clkb' [/home/amd/training/Report_QoR/lab/vhdl/report_qor.srcs/sources_1/imports/original/reg_clka_to_clkb.vhd:42]
	Parameter DATA_WIDTH bound to: 2000 - type: integer 
INFO: [Synth 8-3491] module 'bit_expander' declared at '/home/amd/training/Report_QoR/lab/vhdl/report_qor.srcs/sources_1/imports/original/bit_expander.vhd:34' bound to instance 'bit_expander_i' of component 'bit_expander' [/home/amd/training/Report_QoR/lab/vhdl/report_qor.srcs/sources_1/imports/original/reg_clka_to_clkb.vhd:66]
INFO: [Synth 8-638] synthesizing module 'bit_expander' [/home/amd/training/Report_QoR/lab/vhdl/report_qor.srcs/sources_1/imports/original/bit_expander.vhd:39]
INFO: [Synth 8-256] done synthesizing module 'bit_expander' (0#1) [/home/amd/training/Report_QoR/lab/vhdl/report_qor.srcs/sources_1/imports/original/bit_expander.vhd:39]
INFO: [Synth 8-3491] module 'bit_reducer' declared at '/home/amd/training/Report_QoR/lab/vhdl/report_qor.srcs/sources_1/imports/original/bit_reducer.vhd:34' bound to instance 'bit_reducer_i' of component 'bit_reducer' [/home/amd/training/Report_QoR/lab/vhdl/report_qor.srcs/sources_1/imports/original/reg_clka_to_clkb.vhd:98]
INFO: [Synth 8-638] synthesizing module 'bit_reducer' [/home/amd/training/Report_QoR/lab/vhdl/report_qor.srcs/sources_1/imports/original/bit_reducer.vhd:40]
INFO: [Synth 8-256] done synthesizing module 'bit_reducer' (0#1) [/home/amd/training/Report_QoR/lab/vhdl/report_qor.srcs/sources_1/imports/original/bit_reducer.vhd:40]
INFO: [Synth 8-256] done synthesizing module 'reg_clka_to_clkb' (0#1) [/home/amd/training/Report_QoR/lab/vhdl/report_qor.srcs/sources_1/imports/original/reg_clka_to_clkb.vhd:42]
	Parameter DATA_WIDTH bound to: 2000 - type: integer 
INFO: [Synth 8-3491] module 'reg_clka_to_clkb' declared at '/home/amd/training/Report_QoR/lab/vhdl/report_qor.srcs/sources_1/imports/original/reg_clka_to_clkb.vhd:34' bound to instance 'clk600_to_clk300_ffs_i' of component 'reg_clka_to_clkb' [/home/amd/training/Report_QoR/lab/vhdl/report_qor.srcs/sources_1/imports/original/top.vhd:134]
INFO: [Synth 8-256] done synthesizing module 'top' (0#1) [/home/amd/training/Report_QoR/lab/vhdl/report_qor.srcs/sources_1/imports/original/top.vhd:49]
WARNING: [Synth 8-3936] Found unconnected internal register 'data_in_300_i_reg' and it is trimmed from '6' to '3' bits. [/home/amd/training/Report_QoR/lab/vhdl/report_qor.srcs/sources_1/imports/original/top.vhd:128]
WARNING: [Synth 8-3936] Found unconnected internal register 'data_in_600_i_reg' and it is trimmed from '6' to '3' bits. [/home/amd/training/Report_QoR/lab/vhdl/report_qor.srcs/sources_1/imports/original/top.vhd:139]
WARNING: [Synth 8-7129] Port data_in_300[5] in module top is either unconnected or has no load
WARNING: [Synth 8-7129] Port data_in_300[4] in module top is either unconnected or has no load
WARNING: [Synth 8-7129] Port data_in_300[3] in module top is either unconnected or has no load
WARNING: [Synth 8-7129] Port data_in_600[5] in module top is either unconnected or has no load
WARNING: [Synth 8-7129] Port data_in_600[4] in module top is either unconnected or has no load
WARNING: [Synth 8-7129] Port data_in_600[3] in module top is either unconnected or has no load
---------------------------------------------------------------------------------
Finished RTL Elaboration : Time (s): cpu = 00:00:07 ; elapsed = 00:00:08 . Memory (MB): peak = 3093.613 ; gain = 458.707 ; free physical = 10189 ; free virtual = 13986
Synthesis current peak Physical Memory [PSS] (MB): peak = 2418.076; parent = 2208.707; children = 209.369
Synthesis current peak Virtual Memory [VSS] (MB): peak = 4118.719; parent = 3093.617; children = 1025.102
---------------------------------------------------------------------------------
---------------------------------------------------------------------------------
Start Handling Custom Attributes
---------------------------------------------------------------------------------
---------------------------------------------------------------------------------
Finished Handling Custom Attributes : Time (s): cpu = 00:00:07 ; elapsed = 00:00:08 . Memory (MB): peak = 3111.426 ; gain = 476.520 ; free physical = 10189 ; free virtual = 13986
Synthesis current peak Physical Memory [PSS] (MB): peak = 2418.076; parent = 2208.707; children = 209.369
Synthesis current peak Virtual Memory [VSS] (MB): peak = 4136.531; parent = 3111.430; children = 1025.102
---------------------------------------------------------------------------------
---------------------------------------------------------------------------------
Finished RTL Optimization Phase 1 : Time (s): cpu = 00:00:07 ; elapsed = 00:00:08 . Memory (MB): peak = 3111.426 ; gain = 476.520 ; free physical = 10189 ; free virtual = 13986
Synthesis current peak Physical Memory [PSS] (MB): peak = 2418.076; parent = 2208.707; children = 209.369
Synthesis current peak Virtual Memory [VSS] (MB): peak = 4136.531; parent = 3111.430; children = 1025.102
---------------------------------------------------------------------------------
Netlist sorting complete. Time (s): cpu = 00:00:00.07 ; elapsed = 00:00:00.08 . Memory (MB): peak = 3117.363 ; gain = 0.000 ; free physical = 10176 ; free virtual = 13973
INFO: [Netlist 29-17] Analyzing 4 Unisim elements for replacement
INFO: [Netlist 29-28] Unisim Transformation completed in 0 CPU seconds
INFO: [Project 1-570] Preparing netlist for logic optimization

Processing XDC Constraints
Initializing timing engine
Parsing XDC File [/home/amd/training/Report_QoR/lab/vhdl/report_qor.srcs/OriginalConstraints/new/constraints.xdc]
Finished Parsing XDC File [/home/amd/training/Report_QoR/lab/vhdl/report_qor.srcs/OriginalConstraints/new/constraints.xdc]
INFO: [Project 1-236] Implementation specific constraints were found while reading constraint file [/home/amd/training/Report_QoR/lab/vhdl/report_qor.srcs/OriginalConstraints/new/constraints.xdc]. These constraints will be ignored for synthesis but will be used in implementation. Impacted constraints are listed in the file [.Xil/top_propImpl.xdc].
Resolution: To avoid this warning, move constraints listed in [.Xil/top_propImpl.xdc] to another XDC file and exclude this new file from synthesis with the used_in_synthesis property (File Properties dialog in GUI) and re-run elaboration/synthesis.
INFO: [Timing 38-2] Deriving generated clocks
Completed Processing XDC Constraints

Netlist sorting complete. Time (s): cpu = 00:00:00 ; elapsed = 00:00:00 . Memory (MB): peak = 3250.129 ; gain = 0.000 ; free physical = 10068 ; free virtual = 13881
INFO: [Project 1-111] Unisim Transformation Summary:
  A total of 3 instances were transformed.
  BUFG => BUFGCE: 2 instances
  IBUF => IBUF (IBUFCTRL, INBUF): 1 instance 

Constraint Validation Runtime : Time (s): cpu = 00:00:00.04 ; elapsed = 00:00:00.05 . Memory (MB): peak = 3250.129 ; gain = 0.000 ; free physical = 10068 ; free virtual = 13881
INFO: [Synth 8-11241] undeclared symbol 'REGCCE', assumed default net type 'wire' [/opt/amd/Vivado/2022.2/data/verilog/src/unimacro/BRAM_SINGLE_MACRO.v:2170]
---------------------------------------------------------------------------------
Finished Constraint Validation : Time (s): cpu = 00:00:18 ; elapsed = 00:00:20 . Memory (MB): peak = 3250.129 ; gain = 615.223 ; free physical = 10163 ; free virtual = 13976
Synthesis current peak Physical Memory [PSS] (MB): peak = 2418.076; parent = 2208.707; children = 209.369
Synthesis current peak Virtual Memory [VSS] (MB): peak = 4275.234; parent = 3250.133; children = 1025.102
---------------------------------------------------------------------------------
---------------------------------------------------------------------------------
Start Loading Part and Timing Information
---------------------------------------------------------------------------------
Loading part: xqvu3p-ffrc1517-2LV-e
INFO: [Synth 8-6742] Reading net delay rules and data
---------------------------------------------------------------------------------
Finished Loading Part and Timing Information : Time (s): cpu = 00:00:18 ; elapsed = 00:00:20 . Memory (MB): peak = 3250.129 ; gain = 615.223 ; free physical = 10163 ; free virtual = 13976
Synthesis current peak Physical Memory [PSS] (MB): peak = 2418.076; parent = 2208.707; children = 209.369
Synthesis current peak Virtual Memory [VSS] (MB): peak = 4275.234; parent = 3250.133; children = 1025.102
---------------------------------------------------------------------------------
---------------------------------------------------------------------------------
Start Applying 'set_property' XDC Constraints
---------------------------------------------------------------------------------
Applied set_property BLOCK_SYNTH.PRESERVE_BOUNDARY = 1 for clk300_to_clk600_ffs_i. (constraint file  /home/amd/training/Report_QoR/lab/vhdl/report_qor.srcs/OriginalConstraints/new/constraints.xdc, line 17).
Applied set_property BLOCK_SYNTH.PRESERVE_BOUNDARY = 1 for clk600_to_clk300_ffs_i. (constraint file  /home/amd/training/Report_QoR/lab/vhdl/report_qor.srcs/OriginalConstraints/new/constraints.xdc, line 18).
---------------------------------------------------------------------------------
Finished applying 'set_property' XDC Constraints : Time (s): cpu = 00:00:18 ; elapsed = 00:00:20 . Memory (MB): peak = 3250.129 ; gain = 615.223 ; free physical = 10163 ; free virtual = 13976
Synthesis current peak Physical Memory [PSS] (MB): peak = 2418.076; parent = 2208.707; children = 209.369
Synthesis current peak Virtual Memory [VSS] (MB): peak = 4275.234; parent = 3250.133; children = 1025.102
---------------------------------------------------------------------------------
---------------------------------------------------------------------------------
Finished RTL Optimization Phase 2 : Time (s): cpu = 00:00:21 ; elapsed = 00:00:23 . Memory (MB): peak = 3250.129 ; gain = 615.223 ; free physical = 10157 ; free virtual = 13972
Synthesis current peak Physical Memory [PSS] (MB): peak = 2418.076; parent = 2208.707; children = 209.369
Synthesis current peak Virtual Memory [VSS] (MB): peak = 4275.234; parent = 3250.133; children = 1025.102
---------------------------------------------------------------------------------
---------------------------------------------------------------------------------
Start RTL Component Statistics 
---------------------------------------------------------------------------------
Detailed RTL Component Info : 
+---Registers : 
	             2000 Bit    Registers := 6     
	                6 Bit    Registers := 2     
	                3 Bit    Registers := 2     
	                1 Bit    Registers := 20    
---------------------------------------------------------------------------------
Finished RTL Component Statistics 
---------------------------------------------------------------------------------
---------------------------------------------------------------------------------
Start Part Resource Summary
---------------------------------------------------------------------------------
Part Resources:
DSPs: 2280 (col length:120)
BRAMs: 1440 (col length: RAMB18 120 RAMB36 60)
---------------------------------------------------------------------------------
Finished Part Resource Summary
---------------------------------------------------------------------------------
---------------------------------------------------------------------------------
Start Cross Boundary and Area Optimization
---------------------------------------------------------------------------------
WARNING: [Synth 8-7080] Parallel synthesis criteria is not met
WARNING: [Synth 8-7129] Port data_in_300[5] in module top is either unconnected or has no load
WARNING: [Synth 8-7129] Port data_in_300[4] in module top is either unconnected or has no load
WARNING: [Synth 8-7129] Port data_in_300[3] in module top is either unconnected or has no load
WARNING: [Synth 8-7129] Port data_in_600[5] in module top is either unconnected or has no load
WARNING: [Synth 8-7129] Port data_in_600[4] in module top is either unconnected or has no load
WARNING: [Synth 8-7129] Port data_in_600[3] in module top is either unconnected or has no load
---------------------------------------------------------------------------------
Finished Cross Boundary and Area Optimization : Time (s): cpu = 00:00:47 ; elapsed = 00:00:58 . Memory (MB): peak = 3471.379 ; gain = 836.473 ; free physical = 10116 ; free virtual = 13942
Synthesis current peak Physical Memory [PSS] (MB): peak = 2867.318; parent = 2658.522; children = 209.369
Synthesis current peak Virtual Memory [VSS] (MB): peak = 4496.484; parent = 3471.383; children = 1025.102
---------------------------------------------------------------------------------
---------------------------------------------------------------------------------
Start Applying XDC Timing Constraints
---------------------------------------------------------------------------------
---------------------------------------------------------------------------------
Finished Applying XDC Timing Constraints : Time (s): cpu = 00:00:56 ; elapsed = 00:01:08 . Memory (MB): peak = 3510.957 ; gain = 876.051 ; free physical = 9680 ; free virtual = 13563
Synthesis current peak Physical Memory [PSS] (MB): peak = 2867.318; parent = 2658.522; children = 209.369
Synthesis current peak Virtual Memory [VSS] (MB): peak = 4536.062; parent = 3510.961; children = 1025.102
---------------------------------------------------------------------------------
---------------------------------------------------------------------------------
Start Timing Optimization
---------------------------------------------------------------------------------
---------------------------------------------------------------------------------
Finished Timing Optimization : Time (s): cpu = 00:00:56 ; elapsed = 00:01:09 . Memory (MB): peak = 3510.957 ; gain = 876.051 ; free physical = 9673 ; free virtual = 13556
Synthesis current peak Physical Memory [PSS] (MB): peak = 2867.318; parent = 2658.522; children = 209.369
Synthesis current peak Virtual Memory [VSS] (MB): peak = 4536.062; parent = 3510.961; children = 1025.102
---------------------------------------------------------------------------------
---------------------------------------------------------------------------------
Start Technology Mapping
---------------------------------------------------------------------------------
WARNING: [Synth 8-7080] Parallel synthesis criteria is not met
---------------------------------------------------------------------------------
Finished Technology Mapping : Time (s): cpu = 00:00:58 ; elapsed = 00:01:11 . Memory (MB): peak = 3510.957 ; gain = 876.051 ; free physical = 9650 ; free virtual = 13534
Synthesis current peak Physical Memory [PSS] (MB): peak = 2872.483; parent = 2663.704; children = 209.369
Synthesis current peak Virtual Memory [VSS] (MB): peak = 4536.062; parent = 3510.961; children = 1025.102
---------------------------------------------------------------------------------
---------------------------------------------------------------------------------
Start IO Insertion
---------------------------------------------------------------------------------
---------------------------------------------------------------------------------
Start Flattening Before IO Insertion
---------------------------------------------------------------------------------
---------------------------------------------------------------------------------
Finished Flattening Before IO Insertion
---------------------------------------------------------------------------------
---------------------------------------------------------------------------------
Start Final Netlist Cleanup
---------------------------------------------------------------------------------
---------------------------------------------------------------------------------
Finished Final Netlist Cleanup
---------------------------------------------------------------------------------
WARNING: [Synth 8-3295] tying undriven pin clk_150_i_inferred:in0 to constant 0
WARNING: [Synth 8-3295] tying undriven pin clk_400_i_inferred:in0 to constant 0
WARNING: [Synth 8-3295] tying undriven pin clk_500_i_inferred:in0 to constant 0
WARNING: [Synth 8-5396] Clock pin clka has keep related attribute (keep/mark_debug/dont_touch) which could create extra logic on its net [/home/amd/training/Report_QoR/lab/vhdl/report_qor.srcs/sources_1/imports/original/top.vhd:123]
WARNING: [Synth 8-5396] Clock pin clkb has keep related attribute (keep/mark_debug/dont_touch) which could create extra logic on its net [/home/amd/training/Report_QoR/lab/vhdl/report_qor.srcs/sources_1/imports/original/top.vhd:123]
WARNING: [Synth 8-5396] Clock pin clka has keep related attribute (keep/mark_debug/dont_touch) which could create extra logic on its net [/home/amd/training/Report_QoR/lab/vhdl/report_qor.srcs/sources_1/imports/original/top.vhd:134]
WARNING: [Synth 8-5396] Clock pin clkb has keep related attribute (keep/mark_debug/dont_touch) which could create extra logic on its net [/home/amd/training/Report_QoR/lab/vhdl/report_qor.srcs/sources_1/imports/original/top.vhd:134]
WARNING: [Synth 8-5396] Clock pin C has keep related attribute (keep/mark_debug/dont_touch) which could create extra logic on its net [/home/amd/training/Report_QoR/lab/vhdl/report_qor.srcs/sources_1/imports/original/top.vhd:139]
WARNING: [Synth 8-5396] Clock pin C has keep related attribute (keep/mark_debug/dont_touch) which could create extra logic on its net [/home/amd/training/Report_QoR/lab/vhdl/report_qor.srcs/sources_1/imports/original/top.vhd:139]
WARNING: [Synth 8-5396] Clock pin C has keep related attribute (keep/mark_debug/dont_touch) which could create extra logic on its net [/home/amd/training/Report_QoR/lab/vhdl/report_qor.srcs/sources_1/imports/original/top.vhd:139]
WARNING: [Synth 8-5396] Clock pin C has keep related attribute (keep/mark_debug/dont_touch) which could create extra logic on its net [/home/amd/training/Report_QoR/lab/vhdl/report_qor.srcs/sources_1/imports/original/top.vhd:197]
WARNING: [Synth 8-5396] Clock pin clka has keep related attribute (keep/mark_debug/dont_touch) which could create extra logic on its net [/home/amd/training/Report_QoR/lab/vhdl/report_qor.srcs/sources_1/imports/original/top.vhd:134]
WARNING: [Synth 8-5396] Clock pin clkb has keep related attribute (keep/mark_debug/dont_touch) which could create extra logic on its net [/home/amd/training/Report_QoR/lab/vhdl/report_qor.srcs/sources_1/imports/original/top.vhd:123]
WARNING: [Synth 8-5396] Clock pin C has keep related attribute (keep/mark_debug/dont_touch) which could create extra logic on its net [/home/amd/training/Report_QoR/lab/vhdl/report_qor.srcs/sources_1/imports/original/clocking_module.vhd:138]
WARNING: [Synth 8-5396] Clock pin C has keep related attribute (keep/mark_debug/dont_touch) which could create extra logic on its net [/home/amd/training/Report_QoR/lab/vhdl/report_qor.srcs/sources_1/imports/original/clocking_module.vhd:139]
WARNING: [Synth 8-5396] Clock pin C has keep related attribute (keep/mark_debug/dont_touch) which could create extra logic on its net [/home/amd/training/Report_QoR/lab/vhdl/report_qor.srcs/sources_1/imports/original/top.vhd:128]
WARNING: [Synth 8-5396] Clock pin C has keep related attribute (keep/mark_debug/dont_touch) which could create extra logic on its net [/home/amd/training/Report_QoR/lab/vhdl/report_qor.srcs/sources_1/imports/original/top.vhd:128]
WARNING: [Synth 8-5396] Clock pin C has keep related attribute (keep/mark_debug/dont_touch) which could create extra logic on its net [/home/amd/training/Report_QoR/lab/vhdl/report_qor.srcs/sources_1/imports/original/top.vhd:128]
WARNING: [Synth 8-5396] Clock pin C has keep related attribute (keep/mark_debug/dont_touch) which could create extra logic on its net [/home/amd/training/Report_QoR/lab/vhdl/report_qor.srcs/sources_1/imports/original/top.vhd:188]
WARNING: [Synth 8-5396] Clock pin clkb has keep related attribute (keep/mark_debug/dont_touch) which could create extra logic on its net [/home/amd/training/Report_QoR/lab/vhdl/report_qor.srcs/sources_1/imports/original/top.vhd:134]
WARNING: [Synth 8-5396] Clock pin clka has keep related attribute (keep/mark_debug/dont_touch) which could create extra logic on its net [/home/amd/training/Report_QoR/lab/vhdl/report_qor.srcs/sources_1/imports/original/top.vhd:123]
---------------------------------------------------------------------------------
Finished IO Insertion : Time (s): cpu = 00:01:03 ; elapsed = 00:01:16 . Memory (MB): peak = 3510.957 ; gain = 876.051 ; free physical = 9639 ; free virtual = 13531
Synthesis current peak Physical Memory [PSS] (MB): peak = 2875.831; parent = 2667.052; children = 209.369
Synthesis current peak Virtual Memory [VSS] (MB): peak = 4536.062; parent = 3510.961; children = 1025.102
---------------------------------------------------------------------------------
---------------------------------------------------------------------------------
Start Renaming Generated Instances
---------------------------------------------------------------------------------
---------------------------------------------------------------------------------
Finished Renaming Generated Instances : Time (s): cpu = 00:01:03 ; elapsed = 00:01:16 . Memory (MB): peak = 3510.957 ; gain = 876.051 ; free physical = 9639 ; free virtual = 13531
Synthesis current peak Physical Memory [PSS] (MB): peak = 2875.894; parent = 2667.114; children = 209.369
Synthesis current peak Virtual Memory [VSS] (MB): peak = 4536.062; parent = 3510.961; children = 1025.102
---------------------------------------------------------------------------------
---------------------------------------------------------------------------------
Start Rebuilding User Hierarchy
---------------------------------------------------------------------------------
---------------------------------------------------------------------------------
Finished Rebuilding User Hierarchy : Time (s): cpu = 00:01:04 ; elapsed = 00:01:16 . Memory (MB): peak = 3510.957 ; gain = 876.051 ; free physical = 9639 ; free virtual = 13531
Synthesis current peak Physical Memory [PSS] (MB): peak = 2877.042; parent = 2668.263; children = 209.369
Synthesis current peak Virtual Memory [VSS] (MB): peak = 4536.062; parent = 3510.961; children = 1025.102
---------------------------------------------------------------------------------
---------------------------------------------------------------------------------
Start Renaming Generated Ports
---------------------------------------------------------------------------------
---------------------------------------------------------------------------------
Finished Renaming Generated Ports : Time (s): cpu = 00:01:04 ; elapsed = 00:01:17 . Memory (MB): peak = 3510.957 ; gain = 876.051 ; free physical = 9639 ; free virtual = 13531
Synthesis current peak Physical Memory [PSS] (MB): peak = 2877.042; parent = 2668.263; children = 209.369
Synthesis current peak Virtual Memory [VSS] (MB): peak = 4536.062; parent = 3510.961; children = 1025.102
---------------------------------------------------------------------------------
---------------------------------------------------------------------------------
Start Handling Custom Attributes
---------------------------------------------------------------------------------
---------------------------------------------------------------------------------
Finished Handling Custom Attributes : Time (s): cpu = 00:01:04 ; elapsed = 00:01:17 . Memory (MB): peak = 3510.957 ; gain = 876.051 ; free physical = 9639 ; free virtual = 13531
Synthesis current peak Physical Memory [PSS] (MB): peak = 2877.042; parent = 2668.263; children = 209.369
Synthesis current peak Virtual Memory [VSS] (MB): peak = 4536.062; parent = 3510.961; children = 1025.102
---------------------------------------------------------------------------------
---------------------------------------------------------------------------------
Start Renaming Generated Nets
---------------------------------------------------------------------------------
---------------------------------------------------------------------------------
Finished Renaming Generated Nets : Time (s): cpu = 00:01:04 ; elapsed = 00:01:17 . Memory (MB): peak = 3510.957 ; gain = 876.051 ; free physical = 9639 ; free virtual = 13531
Synthesis current peak Physical Memory [PSS] (MB): peak = 2877.042; parent = 2668.263; children = 209.369
Synthesis current peak Virtual Memory [VSS] (MB): peak = 4536.062; parent = 3510.961; children = 1025.102
---------------------------------------------------------------------------------
---------------------------------------------------------------------------------
Start Writing Synthesis Report
---------------------------------------------------------------------------------

Report BlackBoxes: 
+-+--------------+----------+
| |BlackBox name |Instances |
+-+--------------+----------+
+-+--------------+----------+

Report Cell Usage: 
+------+-----------+------+
|      |Cell       |Count |
+------+-----------+------+
|1     |BUFG       |     2|
|2     |LUT1       |     3|
|3     |LUT2       |     2|
|4     |LUT5       |     2|
|5     |LUT6       |   798|
|6     |MMCME4_ADV |     1|
|7     |FDRE       | 12028|
|8     |IBUF       |     8|
|9     |OBUF       |    13|
+------+-----------+------+
---------------------------------------------------------------------------------
Finished Writing Synthesis Report : Time (s): cpu = 00:01:04 ; elapsed = 00:01:17 . Memory (MB): peak = 3510.957 ; gain = 876.051 ; free physical = 9639 ; free virtual = 13531
Synthesis current peak Physical Memory [PSS] (MB): peak = 2877.042; parent = 2668.263; children = 209.369
Synthesis current peak Virtual Memory [VSS] (MB): peak = 4536.062; parent = 3510.961; children = 1025.102
---------------------------------------------------------------------------------

Report Applied BLOCK_SYNTH Properties: 
+--------+-----------------------+-------------------------------+
|Inst ID |Instance Name          |Applied BLOCK_SYNTH Properties |
+--------+-----------------------+-------------------------------+
|1       |clk300_to_clk600_ffs_i |"PRESERVE_BOUNDARY 1"          |
|2       |clk600_to_clk300_ffs_i |"PRESERVE_BOUNDARY 1"          |
+--------+-----------------------+-------------------------------+

Report BLOCK_SYNTH Property Instance Level Cell Usage: 
+------+-----+-----------+-----------+
|      |Cell |Inst ID: 1 |Inst ID: 2 |
+------+-----+-----------+-----------+
|1     |FDRE |       6009|       6009|
|2     |LUT2 |          1|          1|
|3     |LUT5 |          1|          1|
|4     |LUT6 |        399|        399|
+------+-----+-----------+-----------+
NOTE: Inst IDs in this report represent instances and are taken from the Report Applied BLOCK_SYNTH Properties.

Synthesis finished with 0 errors, 0 critical warnings and 29 warnings.
Synthesis Optimization Runtime : Time (s): cpu = 00:00:57 ; elapsed = 00:01:10 . Memory (MB): peak = 3510.957 ; gain = 737.348 ; free physical = 9668 ; free virtual = 13560
Synthesis Optimization Complete : Time (s): cpu = 00:01:04 ; elapsed = 00:01:17 . Memory (MB): peak = 3510.965 ; gain = 876.051 ; free physical = 9668 ; free virtual = 13560
INFO: [Project 1-571] Translating synthesized netlist
Netlist sorting complete. Time (s): cpu = 00:00:00.12 ; elapsed = 00:00:00.11 . Memory (MB): peak = 3510.965 ; gain = 0.000 ; free physical = 9763 ; free virtual = 13657
INFO: [Netlist 29-17] Analyzing 11 Unisim elements for replacement
INFO: [Netlist 29-28] Unisim Transformation completed in 0 CPU seconds
INFO: [Project 1-570] Preparing netlist for logic optimization
INFO: [Opt 31-138] Pushed 0 inverter(s) to 0 load pin(s).
INFO: [Opt 31-326] The CLKFBOUT to CLKFBIN net for instance mmcm_inst/MMCME4_ADV_inst with COMPENSATION=INTERNAL is optimized away to aid design routability
Netlist sorting complete. Time (s): cpu = 00:00:00 ; elapsed = 00:00:00 . Memory (MB): peak = 3530.801 ; gain = 0.000 ; free physical = 9713 ; free virtual = 13608
INFO: [Project 1-111] Unisim Transformation Summary:
  A total of 10 instances were transformed.
  BUFG => BUFGCE: 2 instances
  IBUF => IBUF (IBUFCTRL, INBUF): 8 instances

Synth Design complete, checksum: edd1d6b0
INFO: [Common 17-83] Releasing license: Synthesis
41 Infos, 37 Warnings, 0 Critical Warnings and 0 Errors encountered.
synth_design completed successfully
synth_design: Time (s): cpu = 00:01:14 ; elapsed = 00:01:26 . Memory (MB): peak = 3530.801 ; gain = 1833.086 ; free physical = 9918 ; free virtual = 13813
INFO: [Common 17-1381] The checkpoint '/home/amd/training/Report_QoR/lab/vhdl/report_qor.runs/synth_1/top.dcp' has been generated.
INFO: [runtcl-4] Executing : report_utilization -file top_utilization_synth.rpt -pb top_utilization_synth.pb
INFO: [Common 17-206] Exiting Vivado at Wed Nov 30 08:53:13 2022...
