Copyright 1986-2022 Xilinx, Inc. All Rights Reserved.
-----------------------------------------------------------------------------------------------------------------------------------------------------------------------------------------
| Tool Version : Vivado v.2022.2 (lin64) Build 3671981 Fri Oct 14 04:59:54 MDT 2022
| Date         : Sun Nov 27 10:52:18 2022
| Host         : amd running 64-bit Ubuntu 20.04.5 LTS
| Command      : report_methodology -file reset_example_top_methodology_drc_routed.rpt -pb reset_example_top_methodology_drc_routed.pb -rpx reset_example_top_methodology_drc_routed.rpx
| Design       : reset_example_top
| Device       : xcku040-ffva1156-2-e
| Speed File   : -2
| Design State : Fully Routed
-----------------------------------------------------------------------------------------------------------------------------------------------------------------------------------------

Report Methodology

Table of Contents
-----------------
1. REPORT SUMMARY
2. REPORT DETAILS

1. REPORT SUMMARY
-----------------
            Netlist: netlist
          Floorplan: design_1
      Design limits: <entire design considered>
             Max violations: <unlimited>
             Violations found: 131
+-----------+----------+--------------------------------------------------------+------------+
| Rule      | Severity | Description                                            | Violations |
+-----------+----------+--------------------------------------------------------+------------+
| TIMING-18 | Warning  | Missing input or output delay                          | 129        |
| XDCC-1    | Warning  | Scoped Clock constraint overwritten with the same name | 1          |
| XDCC-7    | Warning  | Scoped Clock constraint overwritten on the same source | 1          |
+-----------+----------+--------------------------------------------------------+------------+

2. REPORT DETAILS
-----------------
TIMING-18#1 Warning
Missing input or output delay  
An input delay is missing on hold[0] relative to clock(s) SysClk
Related violations: <none>

TIMING-18#2 Warning
Missing input or output delay  
An input delay is missing on hold[10] relative to clock(s) SysClk
Related violations: <none>

TIMING-18#3 Warning
Missing input or output delay  
An input delay is missing on hold[11] relative to clock(s) SysClk
Related violations: <none>

TIMING-18#4 Warning
Missing input or output delay  
An input delay is missing on hold[12] relative to clock(s) SysClk
Related violations: <none>

TIMING-18#5 Warning
Missing input or output delay  
An input delay is missing on hold[13] relative to clock(s) SysClk
Related violations: <none>

TIMING-18#6 Warning
Missing input or output delay  
An input delay is missing on hold[14] relative to clock(s) SysClk
Related violations: <none>

TIMING-18#7 Warning
Missing input or output delay  
An input delay is missing on hold[15] relative to clock(s) SysClk
Related violations: <none>

TIMING-18#8 Warning
Missing input or output delay  
An input delay is missing on hold[16] relative to clock(s) SysClk
Related violations: <none>

TIMING-18#9 Warning
Missing input or output delay  
An input delay is missing on hold[17] relative to clock(s) SysClk
Related violations: <none>

TIMING-18#10 Warning
Missing input or output delay  
An input delay is missing on hold[18] relative to clock(s) SysClk
Related violations: <none>

TIMING-18#11 Warning
Missing input or output delay  
An input delay is missing on hold[19] relative to clock(s) SysClk
Related violations: <none>

TIMING-18#12 Warning
Missing input or output delay  
An input delay is missing on hold[1] relative to clock(s) SysClk
Related violations: <none>

TIMING-18#13 Warning
Missing input or output delay  
An input delay is missing on hold[20] relative to clock(s) SysClk
Related violations: <none>

TIMING-18#14 Warning
Missing input or output delay  
An input delay is missing on hold[21] relative to clock(s) SysClk
Related violations: <none>

TIMING-18#15 Warning
Missing input or output delay  
An input delay is missing on hold[22] relative to clock(s) SysClk
Related violations: <none>

TIMING-18#16 Warning
Missing input or output delay  
An input delay is missing on hold[23] relative to clock(s) SysClk
Related violations: <none>

TIMING-18#17 Warning
Missing input or output delay  
An input delay is missing on hold[24] relative to clock(s) SysClk
Related violations: <none>

TIMING-18#18 Warning
Missing input or output delay  
An input delay is missing on hold[25] relative to clock(s) SysClk
Related violations: <none>

TIMING-18#19 Warning
Missing input or output delay  
An input delay is missing on hold[26] relative to clock(s) SysClk
Related violations: <none>

TIMING-18#20 Warning
Missing input or output delay  
An input delay is missing on hold[27] relative to clock(s) SysClk
Related violations: <none>

TIMING-18#21 Warning
Missing input or output delay  
An input delay is missing on hold[28] relative to clock(s) SysClk
Related violations: <none>

TIMING-18#22 Warning
Missing input or output delay  
An input delay is missing on hold[29] relative to clock(s) SysClk
Related violations: <none>

TIMING-18#23 Warning
Missing input or output delay  
An input delay is missing on hold[2] relative to clock(s) SysClk
Related violations: <none>

TIMING-18#24 Warning
Missing input or output delay  
An input delay is missing on hold[30] relative to clock(s) SysClk
Related violations: <none>

TIMING-18#25 Warning
Missing input or output delay  
An input delay is missing on hold[31] relative to clock(s) SysClk
Related violations: <none>

TIMING-18#26 Warning
Missing input or output delay  
An input delay is missing on hold[32] relative to clock(s) SysClk
Related violations: <none>

TIMING-18#27 Warning
Missing input or output delay  
An input delay is missing on hold[33] relative to clock(s) SysClk
Related violations: <none>

TIMING-18#28 Warning
Missing input or output delay  
An input delay is missing on hold[34] relative to clock(s) SysClk
Related violations: <none>

TIMING-18#29 Warning
Missing input or output delay  
An input delay is missing on hold[35] relative to clock(s) SysClk
Related violations: <none>

TIMING-18#30 Warning
Missing input or output delay  
An input delay is missing on hold[36] relative to clock(s) SysClk
Related violations: <none>

TIMING-18#31 Warning
Missing input or output delay  
An input delay is missing on hold[37] relative to clock(s) SysClk
Related violations: <none>

TIMING-18#32 Warning
Missing input or output delay  
An input delay is missing on hold[38] relative to clock(s) SysClk
Related violations: <none>

TIMING-18#33 Warning
Missing input or output delay  
An input delay is missing on hold[39] relative to clock(s) SysClk
Related violations: <none>

TIMING-18#34 Warning
Missing input or output delay  
An input delay is missing on hold[3] relative to clock(s) SysClk
Related violations: <none>

TIMING-18#35 Warning
Missing input or output delay  
An input delay is missing on hold[40] relative to clock(s) SysClk
Related violations: <none>

TIMING-18#36 Warning
Missing input or output delay  
An input delay is missing on hold[41] relative to clock(s) SysClk
Related violations: <none>

TIMING-18#37 Warning
Missing input or output delay  
An input delay is missing on hold[42] relative to clock(s) SysClk
Related violations: <none>

TIMING-18#38 Warning
Missing input or output delay  
An input delay is missing on hold[43] relative to clock(s) SysClk
Related violations: <none>

TIMING-18#39 Warning
Missing input or output delay  
An input delay is missing on hold[44] relative to clock(s) SysClk
Related violations: <none>

TIMING-18#40 Warning
Missing input or output delay  
An input delay is missing on hold[45] relative to clock(s) SysClk
Related violations: <none>

TIMING-18#41 Warning
Missing input or output delay  
An input delay is missing on hold[46] relative to clock(s) SysClk
Related violations: <none>

TIMING-18#42 Warning
Missing input or output delay  
An input delay is missing on hold[47] relative to clock(s) SysClk
Related violations: <none>

TIMING-18#43 Warning
Missing input or output delay  
An input delay is missing on hold[48] relative to clock(s) SysClk
Related violations: <none>

TIMING-18#44 Warning
Missing input or output delay  
An input delay is missing on hold[49] relative to clock(s) SysClk
Related violations: <none>

TIMING-18#45 Warning
Missing input or output delay  
An input delay is missing on hold[4] relative to clock(s) SysClk
Related violations: <none>

TIMING-18#46 Warning
Missing input or output delay  
An input delay is missing on hold[50] relative to clock(s) SysClk
Related violations: <none>

TIMING-18#47 Warning
Missing input or output delay  
An input delay is missing on hold[51] relative to clock(s) SysClk
Related violations: <none>

TIMING-18#48 Warning
Missing input or output delay  
An input delay is missing on hold[52] relative to clock(s) SysClk
Related violations: <none>

TIMING-18#49 Warning
Missing input or output delay  
An input delay is missing on hold[53] relative to clock(s) SysClk
Related violations: <none>

TIMING-18#50 Warning
Missing input or output delay  
An input delay is missing on hold[54] relative to clock(s) SysClk
Related violations: <none>

TIMING-18#51 Warning
Missing input or output delay  
An input delay is missing on hold[55] relative to clock(s) SysClk
Related violations: <none>

TIMING-18#52 Warning
Missing input or output delay  
An input delay is missing on hold[56] relative to clock(s) SysClk
Related violations: <none>

TIMING-18#53 Warning
Missing input or output delay  
An input delay is missing on hold[57] relative to clock(s) SysClk
Related violations: <none>

TIMING-18#54 Warning
Missing input or output delay  
An input delay is missing on hold[58] relative to clock(s) SysClk
Related violations: <none>

TIMING-18#55 Warning
Missing input or output delay  
An input delay is missing on hold[59] relative to clock(s) SysClk
Related violations: <none>

TIMING-18#56 Warning
Missing input or output delay  
An input delay is missing on hold[5] relative to clock(s) SysClk
Related violations: <none>

TIMING-18#57 Warning
Missing input or output delay  
An input delay is missing on hold[60] relative to clock(s) SysClk
Related violations: <none>

TIMING-18#58 Warning
Missing input or output delay  
An input delay is missing on hold[61] relative to clock(s) SysClk
Related violations: <none>

TIMING-18#59 Warning
Missing input or output delay  
An input delay is missing on hold[62] relative to clock(s) SysClk
Related violations: <none>

TIMING-18#60 Warning
Missing input or output delay  
An input delay is missing on hold[63] relative to clock(s) SysClk
Related violations: <none>

TIMING-18#61 Warning
Missing input or output delay  
An input delay is missing on hold[6] relative to clock(s) SysClk
Related violations: <none>

TIMING-18#62 Warning
Missing input or output delay  
An input delay is missing on hold[7] relative to clock(s) SysClk
Related violations: <none>

TIMING-18#63 Warning
Missing input or output delay  
An input delay is missing on hold[8] relative to clock(s) SysClk
Related violations: <none>

TIMING-18#64 Warning
Missing input or output delay  
An input delay is missing on hold[9] relative to clock(s) SysClk
Related violations: <none>

TIMING-18#65 Warning
Missing input or output delay  
An input delay is missing on sload relative to clock(s) SysClk
Related violations: <none>

TIMING-18#66 Warning
Missing input or output delay  
An output delay is missing on count_so[0] relative to clock(s) SysClk
Related violations: <none>

TIMING-18#67 Warning
Missing input or output delay  
An output delay is missing on count_so[10] relative to clock(s) SysClk
Related violations: <none>

TIMING-18#68 Warning
Missing input or output delay  
An output delay is missing on count_so[11] relative to clock(s) SysClk
Related violations: <none>

TIMING-18#69 Warning
Missing input or output delay  
An output delay is missing on count_so[12] relative to clock(s) SysClk
Related violations: <none>

TIMING-18#70 Warning
Missing input or output delay  
An output delay is missing on count_so[13] relative to clock(s) SysClk
Related violations: <none>

TIMING-18#71 Warning
Missing input or output delay  
An output delay is missing on count_so[14] relative to clock(s) SysClk
Related violations: <none>

TIMING-18#72 Warning
Missing input or output delay  
An output delay is missing on count_so[15] relative to clock(s) SysClk
Related violations: <none>

TIMING-18#73 Warning
Missing input or output delay  
An output delay is missing on count_so[16] relative to clock(s) SysClk
Related violations: <none>

TIMING-18#74 Warning
Missing input or output delay  
An output delay is missing on count_so[17] relative to clock(s) SysClk
Related violations: <none>

TIMING-18#75 Warning
Missing input or output delay  
An output delay is missing on count_so[18] relative to clock(s) SysClk
Related violations: <none>

TIMING-18#76 Warning
Missing input or output delay  
An output delay is missing on count_so[19] relative to clock(s) SysClk
Related violations: <none>

TIMING-18#77 Warning
Missing input or output delay  
An output delay is missing on count_so[1] relative to clock(s) SysClk
Related violations: <none>

TIMING-18#78 Warning
Missing input or output delay  
An output delay is missing on count_so[20] relative to clock(s) SysClk
Related violations: <none>

TIMING-18#79 Warning
Missing input or output delay  
An output delay is missing on count_so[21] relative to clock(s) SysClk
Related violations: <none>

TIMING-18#80 Warning
Missing input or output delay  
An output delay is missing on count_so[22] relative to clock(s) SysClk
Related violations: <none>

TIMING-18#81 Warning
Missing input or output delay  
An output delay is missing on count_so[23] relative to clock(s) SysClk
Related violations: <none>

TIMING-18#82 Warning
Missing input or output delay  
An output delay is missing on count_so[24] relative to clock(s) SysClk
Related violations: <none>

TIMING-18#83 Warning
Missing input or output delay  
An output delay is missing on count_so[25] relative to clock(s) SysClk
Related violations: <none>

TIMING-18#84 Warning
Missing input or output delay  
An output delay is missing on count_so[26] relative to clock(s) SysClk
Related violations: <none>

TIMING-18#85 Warning
Missing input or output delay  
An output delay is missing on count_so[27] relative to clock(s) SysClk
Related violations: <none>

TIMING-18#86 Warning
Missing input or output delay  
An output delay is missing on count_so[28] relative to clock(s) SysClk
Related violations: <none>

TIMING-18#87 Warning
Missing input or output delay  
An output delay is missing on count_so[29] relative to clock(s) SysClk
Related violations: <none>

TIMING-18#88 Warning
Missing input or output delay  
An output delay is missing on count_so[2] relative to clock(s) SysClk
Related violations: <none>

TIMING-18#89 Warning
Missing input or output delay  
An output delay is missing on count_so[30] relative to clock(s) SysClk
Related violations: <none>

TIMING-18#90 Warning
Missing input or output delay  
An output delay is missing on count_so[31] relative to clock(s) SysClk
Related violations: <none>

TIMING-18#91 Warning
Missing input or output delay  
An output delay is missing on count_so[32] relative to clock(s) SysClk
Related violations: <none>

TIMING-18#92 Warning
Missing input or output delay  
An output delay is missing on count_so[33] relative to clock(s) SysClk
Related violations: <none>

TIMING-18#93 Warning
Missing input or output delay  
An output delay is missing on count_so[34] relative to clock(s) SysClk
Related violations: <none>

TIMING-18#94 Warning
Missing input or output delay  
An output delay is missing on count_so[35] relative to clock(s) SysClk
Related violations: <none>

TIMING-18#95 Warning
Missing input or output delay  
An output delay is missing on count_so[36] relative to clock(s) SysClk
Related violations: <none>

TIMING-18#96 Warning
Missing input or output delay  
An output delay is missing on count_so[37] relative to clock(s) SysClk
Related violations: <none>

TIMING-18#97 Warning
Missing input or output delay  
An output delay is missing on count_so[38] relative to clock(s) SysClk
Related violations: <none>

TIMING-18#98 Warning
Missing input or output delay  
An output delay is missing on count_so[39] relative to clock(s) SysClk
Related violations: <none>

TIMING-18#99 Warning
Missing input or output delay  
An output delay is missing on count_so[3] relative to clock(s) SysClk
Related violations: <none>

TIMING-18#100 Warning
Missing input or output delay  
An output delay is missing on count_so[40] relative to clock(s) SysClk
Related violations: <none>

TIMING-18#101 Warning
Missing input or output delay  
An output delay is missing on count_so[41] relative to clock(s) SysClk
Related violations: <none>

TIMING-18#102 Warning
Missing input or output delay  
An output delay is missing on count_so[42] relative to clock(s) SysClk
Related violations: <none>

TIMING-18#103 Warning
Missing input or output delay  
An output delay is missing on count_so[43] relative to clock(s) SysClk
Related violations: <none>

TIMING-18#104 Warning
Missing input or output delay  
An output delay is missing on count_so[44] relative to clock(s) SysClk
Related violations: <none>

TIMING-18#105 Warning
Missing input or output delay  
An output delay is missing on count_so[45] relative to clock(s) SysClk
Related violations: <none>

TIMING-18#106 Warning
Missing input or output delay  
An output delay is missing on count_so[46] relative to clock(s) SysClk
Related violations: <none>

TIMING-18#107 Warning
Missing input or output delay  
An output delay is missing on count_so[47] relative to clock(s) SysClk
Related violations: <none>

TIMING-18#108 Warning
Missing input or output delay  
An output delay is missing on count_so[48] relative to clock(s) SysClk
Related violations: <none>

TIMING-18#109 Warning
Missing input or output delay  
An output delay is missing on count_so[49] relative to clock(s) SysClk
Related violations: <none>

TIMING-18#110 Warning
Missing input or output delay  
An output delay is missing on count_so[4] relative to clock(s) SysClk
Related violations: <none>

TIMING-18#111 Warning
Missing input or output delay  
An output delay is missing on count_so[50] relative to clock(s) SysClk
Related violations: <none>

TIMING-18#112 Warning
Missing input or output delay  
An output delay is missing on count_so[51] relative to clock(s) SysClk
Related violations: <none>

TIMING-18#113 Warning
Missing input or output delay  
An output delay is missing on count_so[52] relative to clock(s) SysClk
Related violations: <none>

TIMING-18#114 Warning
Missing input or output delay  
An output delay is missing on count_so[53] relative to clock(s) SysClk
Related violations: <none>

TIMING-18#115 Warning
Missing input or output delay  
An output delay is missing on count_so[54] relative to clock(s) SysClk
Related violations: <none>

TIMING-18#116 Warning
Missing input or output delay  
An output delay is missing on count_so[55] relative to clock(s) SysClk
Related violations: <none>

TIMING-18#117 Warning
Missing input or output delay  
An output delay is missing on count_so[56] relative to clock(s) SysClk
Related violations: <none>

TIMING-18#118 Warning
Missing input or output delay  
An output delay is missing on count_so[57] relative to clock(s) SysClk
Related violations: <none>

TIMING-18#119 Warning
Missing input or output delay  
An output delay is missing on count_so[58] relative to clock(s) SysClk
Related violations: <none>

TIMING-18#120 Warning
Missing input or output delay  
An output delay is missing on count_so[59] relative to clock(s) SysClk
Related violations: <none>

TIMING-18#121 Warning
Missing input or output delay  
An output delay is missing on count_so[5] relative to clock(s) SysClk
Related violations: <none>

TIMING-18#122 Warning
Missing input or output delay  
An output delay is missing on count_so[60] relative to clock(s) SysClk
Related violations: <none>

TIMING-18#123 Warning
Missing input or output delay  
An output delay is missing on count_so[61] relative to clock(s) SysClk
Related violations: <none>

TIMING-18#124 Warning
Missing input or output delay  
An output delay is missing on count_so[62] relative to clock(s) SysClk
Related violations: <none>

TIMING-18#125 Warning
Missing input or output delay  
An output delay is missing on count_so[63] relative to clock(s) SysClk
Related violations: <none>

TIMING-18#126 Warning
Missing input or output delay  
An output delay is missing on count_so[6] relative to clock(s) SysClk
Related violations: <none>

TIMING-18#127 Warning
Missing input or output delay  
An output delay is missing on count_so[7] relative to clock(s) SysClk
Related violations: <none>

TIMING-18#128 Warning
Missing input or output delay  
An output delay is missing on count_so[8] relative to clock(s) SysClk
Related violations: <none>

TIMING-18#129 Warning
Missing input or output delay  
An output delay is missing on count_so[9] relative to clock(s) SysClk
Related violations: <none>

XDCC-1#1 Warning
Scoped Clock constraint overwritten with the same name  
A new clock constraint create_clock overrides a previous scoped clock constraint with the same name. It is not recommended to override a scoped (typically an IP) clock constraint and could result in unexpected behaviors.
New: create_clock -period 10.000 -name SysClk [get_ports SysClk] (Source: /home/amd/training/Reset/lab/KCU105/no_reset/no_reset.srcs/sources_1/imports/support/reset_example.xdc (Line: 1))
Previous: create_clock -period 10.000 [get_ports SysClk] (Source: /home/amd/training/Reset/lab/KCU105/no_reset/no_reset.gen/sources_1/ip/mmcm_clocks/mmcm_clocks.xdc (Line: 56))
Related violations: <none>

XDCC-7#1 Warning
Scoped Clock constraint overwritten on the same source  
A new clock constraint create_clock overrides a previous scoped clock constraint defined on the same source. It is not recommended to override a scoped (typically an IP) clock constraint and could result in unexpected behaviors.
New: create_clock -period 10.000 -name SysClk [get_ports SysClk] (Source: /home/amd/training/Reset/lab/KCU105/no_reset/no_reset.srcs/sources_1/imports/support/reset_example.xdc (Line: 1))
Previous: create_clock -period 10.000 [get_ports SysClk] (Source: /home/amd/training/Reset/lab/KCU105/no_reset/no_reset.gen/sources_1/ip/mmcm_clocks/mmcm_clocks.xdc (Line: 56))
Related violations: <none>


