Copyright 1986-2022 Xilinx, Inc. All Rights Reserved.
-------------------------------------------------------------------------------------------------------------------------------
| Tool Version : Vivado v.2022.2 (lin64) Build 3671981 Fri Oct 14 04:59:54 MDT 2022
| Date         : Sun Nov 27 10:38:59 2022
| Host         : amd running 64-bit Ubuntu 20.04.5 LTS
| Command      : report_utilization -file reset_example_top_utilization_placed.rpt -pb reset_example_top_utilization_placed.pb
| Design       : reset_example_top
| Device       : xcku040-ffva1156-2-e
| Speed File   : -2
| Design State : Fully Placed
-------------------------------------------------------------------------------------------------------------------------------

Utilization Design Information

Table of Contents
-----------------
1. CLB Logic
1.1 Summary of Registers by Type
2. CLB Logic Distribution
3. BLOCKRAM
4. ARITHMETIC
5. I/O
6. CLOCK
7. ADVANCED
8. CONFIGURATION
9. Primitives
10. Black Boxes
11. Instantiated Netlists

1. CLB Logic
------------

+-------------------------+------+-------+------------+-----------+-------+
|        Site Type        | Used | Fixed | Prohibited | Available | Util% |
+-------------------------+------+-------+------------+-----------+-------+
| CLB LUTs                | 2175 |     0 |          0 |    242400 |  0.90 |
|   LUT as Logic          | 2175 |     0 |          0 |    242400 |  0.90 |
|   LUT as Memory         |    0 |     0 |          0 |    112800 |  0.00 |
| CLB Registers           | 8321 |     0 |          0 |    484800 |  1.72 |
|   Register as Flip Flop | 8321 |     0 |          0 |    484800 |  1.72 |
|   Register as Latch     |    0 |     0 |          0 |    484800 |  0.00 |
| CARRY8                  |  512 |     0 |          0 |     30300 |  1.69 |
| F7 Muxes                |    0 |     0 |          0 |    121200 |  0.00 |
| F8 Muxes                |    0 |     0 |          0 |     60600 |  0.00 |
| F9 Muxes                |    0 |     0 |          0 |     30300 |  0.00 |
+-------------------------+------+-------+------------+-----------+-------+
* Warning! LUT value is adjusted to account for LUT combining.


1.1 Summary of Registers by Type
--------------------------------

+-------+--------------+-------------+--------------+
| Total | Clock Enable | Synchronous | Asynchronous |
+-------+--------------+-------------+--------------+
| 0     |            _ |           - |            - |
| 0     |            _ |           - |          Set |
| 0     |            _ |           - |        Reset |
| 0     |            _ |         Set |            - |
| 0     |            _ |       Reset |            - |
| 0     |          Yes |           - |            - |
| 0     |          Yes |           - |          Set |
| 4160  |          Yes |           - |        Reset |
| 64    |          Yes |         Set |            - |
| 4097  |          Yes |       Reset |            - |
+-------+--------------+-------------+--------------+


2. CLB Logic Distribution
-------------------------

+--------------------------------------------+------+-------+------------+-----------+-------+
|                  Site Type                 | Used | Fixed | Prohibited | Available | Util% |
+--------------------------------------------+------+-------+------------+-----------+-------+
| CLB                                        | 1018 |     0 |          0 |     30300 |  3.36 |
|   CLBL                                     |  473 |     0 |            |           |       |
|   CLBM                                     |  545 |     0 |            |           |       |
| LUT as Logic                               | 2175 |     0 |          0 |    242400 |  0.90 |
|   using O5 output only                     |    1 |       |            |           |       |
|   using O6 output only                     |  188 |       |            |           |       |
|   using O5 and O6                          | 1986 |       |            |           |       |
| LUT as Memory                              |    0 |     0 |          0 |    112800 |  0.00 |
|   LUT as Distributed RAM                   |    0 |     0 |            |           |       |
|   LUT as Shift Register                    |    0 |     0 |            |           |       |
| CLB Registers                              | 8321 |     0 |          0 |    484800 |  1.72 |
|   Register driven from within the CLB      | 8128 |       |            |           |       |
|   Register driven from outside the CLB     |  193 |       |            |           |       |
|     LUT in front of the register is unused |  176 |       |            |           |       |
|     LUT in front of the register is used   |   17 |       |            |           |       |
| Unique Control Sets                        |   67 |       |          0 |     60600 |  0.11 |
+--------------------------------------------+------+-------+------------+-----------+-------+
* * Note: Available Control Sets calculated as Slices * 2, Review the Control Sets Report for more information regarding control sets.


3. BLOCKRAM
-----------

+----------------+------+-------+------------+-----------+-------+
|    Site Type   | Used | Fixed | Prohibited | Available | Util% |
+----------------+------+-------+------------+-----------+-------+
| Block RAM Tile |    0 |     0 |          0 |       600 |  0.00 |
|   RAMB36/FIFO* |    0 |     0 |          0 |       600 |  0.00 |
|   RAMB18       |    0 |     0 |          0 |      1200 |  0.00 |
+----------------+------+-------+------------+-----------+-------+
* Note: Each Block RAM Tile only has one FIFO logic available and therefore can accommodate only one FIFO36E2 or one FIFO18E2. However, if a FIFO18E2 occupies a Block RAM Tile, that tile can still accommodate a RAMB18E2


4. ARITHMETIC
-------------

+-----------+------+-------+------------+-----------+-------+
| Site Type | Used | Fixed | Prohibited | Available | Util% |
+-----------+------+-------+------------+-----------+-------+
| DSPs      |    0 |     0 |          0 |      1920 |  0.00 |
+-----------+------+-------+------------+-----------+-------+


5. I/O
------

+------------------+------+-------+------------+-----------+-------+
|     Site Type    | Used | Fixed | Prohibited | Available | Util% |
+------------------+------+-------+------------+-----------+-------+
| Bonded IOB       |  132 |     0 |          0 |       520 | 25.38 |
| HPIOB            |   76 |     0 |          0 |       416 | 18.27 |
|   INPUT          |   64 |       |            |           |       |
|   OUTPUT         |   12 |       |            |           |       |
|   BIDIR          |    0 |       |            |           |       |
| HRIO             |   56 |     0 |          0 |       104 | 53.85 |
|   INPUT          |    3 |       |            |           |       |
|   OUTPUT         |   53 |       |            |           |       |
|   BIDIR          |    0 |       |            |           |       |
| HPIOBDIFFINBUF   |    0 |     0 |          0 |       192 |  0.00 |
| HPIOBDIFFOUTBUF  |    0 |     0 |          0 |       192 |  0.00 |
| HRIODIFFINBUF    |    0 |     0 |          0 |        48 |  0.00 |
| HRIODIFFOUTBUF   |    0 |     0 |          0 |        48 |  0.00 |
| BITSLICE_CONTROL |    0 |     0 |          0 |        80 |  0.00 |
| BITSLICE_RX_TX   |    0 |     0 |          0 |      3120 |  0.00 |
| BITSLICE_TX      |    0 |     0 |          0 |        80 |  0.00 |
| RIU_OR           |    0 |     0 |          0 |        40 |  0.00 |
+------------------+------+-------+------------+-----------+-------+


6. CLOCK
--------

+----------------------+------+-------+------------+-----------+-------+
|       Site Type      | Used | Fixed | Prohibited | Available | Util% |
+----------------------+------+-------+------------+-----------+-------+
| GLOBAL CLOCK BUFFERs |    2 |     0 |          0 |       480 |  0.42 |
|   BUFGCE             |    2 |     0 |          0 |       240 |  0.83 |
|   BUFGCE_DIV         |    0 |     0 |          0 |        40 |  0.00 |
|   BUFG_GT            |    0 |     0 |          0 |       120 |  0.00 |
|   BUFGCTRL*          |    0 |     0 |          0 |        80 |  0.00 |
| PLLE3_ADV            |    0 |     0 |          0 |        20 |  0.00 |
| MMCME3_ADV           |    1 |     0 |          0 |        10 | 10.00 |
+----------------------+------+-------+------------+-----------+-------+
* Note: Each used BUFGCTRL counts as two GLOBAL CLOCK BUFFERs. This table does not include global clocking resources, only buffer cell usage. See the Clock Utilization Report (report_clock_utilization) for detailed accounting of global clocking resource availability.


7. ADVANCED
-----------

+-----------------+------+-------+------------+-----------+-------+
|    Site Type    | Used | Fixed | Prohibited | Available | Util% |
+-----------------+------+-------+------------+-----------+-------+
| GTHE3_CHANNEL   |    0 |     0 |          0 |        20 |  0.00 |
| GTHE3_COMMON    |    0 |     0 |          0 |         5 |  0.00 |
| IBUFDS_GTE3     |    0 |     0 |          0 |        10 |  0.00 |
| OBUFDS_GTE3     |    0 |     0 |          0 |        10 |  0.00 |
| OBUFDS_GTE3_ADV |    0 |     0 |          0 |        10 |  0.00 |
| PCIE_3_1        |    0 |     0 |          0 |         3 |  0.00 |
| SYSMONE1        |    0 |     0 |          0 |         1 |  0.00 |
+-----------------+------+-------+------------+-----------+-------+


8. CONFIGURATION
----------------

+-------------+------+-------+------------+-----------+-------+
|  Site Type  | Used | Fixed | Prohibited | Available | Util% |
+-------------+------+-------+------------+-----------+-------+
| BSCANE2     |    0 |     0 |          0 |         4 |  0.00 |
| DNA_PORTE2  |    0 |     0 |          0 |         1 |  0.00 |
| EFUSE_USR   |    0 |     0 |          0 |         1 |  0.00 |
| FRAME_ECCE3 |    0 |     0 |          0 |         1 |  0.00 |
| ICAPE3      |    0 |     0 |          0 |         2 |  0.00 |
| MASTER_JTAG |    0 |     0 |          0 |         1 |  0.00 |
| STARTUPE3   |    0 |     0 |          0 |         1 |  0.00 |
+-------------+------+-------+------------+-----------+-------+


9. Primitives
-------------

+------------+------+---------------------+
|  Ref Name  | Used | Functional Category |
+------------+------+---------------------+
| FDCE       | 4160 |            Register |
| FDRE       | 4097 |            Register |
| LUT3       | 4032 |                 CLB |
| CARRY8     |  512 |                 CLB |
| LUT1       |  129 |                 CLB |
| INBUF      |   67 |                 I/O |
| IBUFCTRL   |   67 |              Others |
| OBUF       |   65 |                 I/O |
| FDSE       |   64 |            Register |
| BUFGCE     |    2 |               Clock |
| MMCME3_ADV |    1 |               Clock |
+------------+------+---------------------+


10. Black Boxes
---------------

+----------+------+
| Ref Name | Used |
+----------+------+


11. Instantiated Netlists
-------------------------

+-------------+------+
|   Ref Name  | Used |
+-------------+------+
| mmcm_clocks |    1 |
+-------------+------+


