
*** Running vivado
    with args -log reset_example_top.vds -m64 -product Vivado -mode batch -messageDb vivado.pb -notrace -source reset_example_top.tcl


****** Vivado v2022.2 (64-bit)
  **** SW Build 3671981 on Fri Oct 14 04:59:54 MDT 2022
  **** IP Build 3669848 on Fri Oct 14 08:30:02 MDT 2022
    ** Copyright 1986-2022 Xilinx, Inc. All Rights Reserved.

source reset_example_top.tcl -notrace
create_project: Time (s): cpu = 00:00:11 ; elapsed = 00:00:11 . Memory (MB): peak = 1697.969 ; gain = 84.992 ; free physical = 15876 ; free virtual = 20627
Command: synth_design -top reset_example_top -part xcku040-ffva1156-2-e
Starting synth_design
Attempting to get a license for feature 'Synthesis' and/or device 'xcku040'
INFO: [Common 17-349] Got license for feature 'Synthesis' and/or device 'xcku040'
INFO: [Device 21-403] Loading part xcku040-ffva1156-2-e
INFO: [Synth 8-7079] Multithreading enabled for synth_design using a maximum of 4 processes.
INFO: [Synth 8-7078] Launching helper process for spawning children vivado processes
INFO: [Synth 8-7075] Helper process launched with PID 158170
INFO: [Synth 8-11241] undeclared symbol 'REGCCE', assumed default net type 'wire' [/opt/amd/Vivado/2022.2/data/verilog/src/unimacro/BRAM_SINGLE_MACRO.v:2170]
---------------------------------------------------------------------------------
Starting RTL Elaboration : Time (s): cpu = 00:00:06 ; elapsed = 00:00:07 . Memory (MB): peak = 2699.258 ; gain = 375.770 ; free physical = 14809 ; free virtual = 19560
Synthesis current peak Physical Memory [PSS] (MB): peak = 2111.079; parent = 1901.509; children = 209.570
Synthesis current peak Virtual Memory [VSS] (MB): peak = 3694.324; parent = 2699.262; children = 995.062
---------------------------------------------------------------------------------
INFO: [Synth 8-6157] synthesizing module 'reset_example_top' [/home/amd/training/Reset/lab/KCU105/no_reset/no_reset.srcs/sources_1/imports/no_reset/reset_example_top_noreset.v:68]
INFO: [Synth 8-6157] synthesizing module 'piso' [/home/amd/training/Reset/lab/KCU105/no_reset/no_reset.srcs/sources_1/imports/support/piso.v:2]
	Parameter WIDTH bound to: 64 - type: integer 
INFO: [Synth 8-6155] done synthesizing module 'piso' (0#1) [/home/amd/training/Reset/lab/KCU105/no_reset/no_reset.srcs/sources_1/imports/support/piso.v:2]
INFO: [Synth 8-6157] synthesizing module 'mmcm_clocks' [/home/amd/training/Reset/lab/KCU105/no_reset/no_reset.runs/synth_1/.Xil/Vivado-158124-amd/realtime/mmcm_clocks_stub.v:5]
INFO: [Synth 8-6155] done synthesizing module 'mmcm_clocks' (0#1) [/home/amd/training/Reset/lab/KCU105/no_reset/no_reset.runs/synth_1/.Xil/Vivado-158124-amd/realtime/mmcm_clocks_stub.v:5]
INFO: [Synth 8-6155] done synthesizing module 'reset_example_top' (0#1) [/home/amd/training/Reset/lab/KCU105/no_reset/no_reset.srcs/sources_1/imports/no_reset/reset_example_top_noreset.v:68]
WARNING: [Synth 8-7129] Port SysRst_L in module reset_example_top is either unconnected or has no load
---------------------------------------------------------------------------------
Finished RTL Elaboration : Time (s): cpu = 00:00:10 ; elapsed = 00:00:10 . Memory (MB): peak = 2773.227 ; gain = 449.738 ; free physical = 14886 ; free virtual = 19638
Synthesis current peak Physical Memory [PSS] (MB): peak = 2111.079; parent = 1901.509; children = 209.570
Synthesis current peak Virtual Memory [VSS] (MB): peak = 3768.293; parent = 2773.230; children = 995.062
---------------------------------------------------------------------------------
---------------------------------------------------------------------------------
Start Handling Custom Attributes
---------------------------------------------------------------------------------
---------------------------------------------------------------------------------
Finished Handling Custom Attributes : Time (s): cpu = 00:00:10 ; elapsed = 00:00:10 . Memory (MB): peak = 2791.039 ; gain = 467.551 ; free physical = 14887 ; free virtual = 19639
Synthesis current peak Physical Memory [PSS] (MB): peak = 2111.079; parent = 1901.509; children = 209.570
Synthesis current peak Virtual Memory [VSS] (MB): peak = 3786.105; parent = 2791.043; children = 995.062
---------------------------------------------------------------------------------
---------------------------------------------------------------------------------
Finished RTL Optimization Phase 1 : Time (s): cpu = 00:00:10 ; elapsed = 00:00:10 . Memory (MB): peak = 2791.039 ; gain = 467.551 ; free physical = 14887 ; free virtual = 19639
Synthesis current peak Physical Memory [PSS] (MB): peak = 2111.079; parent = 1901.509; children = 209.570
Synthesis current peak Virtual Memory [VSS] (MB): peak = 3786.105; parent = 2791.043; children = 995.062
---------------------------------------------------------------------------------
Netlist sorting complete. Time (s): cpu = 00:00:00.17 ; elapsed = 00:00:00.17 . Memory (MB): peak = 2791.039 ; gain = 0.000 ; free physical = 14887 ; free virtual = 19638
INFO: [Project 1-570] Preparing netlist for logic optimization

Processing XDC Constraints
Initializing timing engine
Parsing XDC File [/home/amd/training/Reset/lab/KCU105/no_reset/no_reset.gen/sources_1/ip/mmcm_clocks/mmcm_clocks/mmcm_clocks_in_context.xdc] for cell 'mmcm_clocks_inst'
Finished Parsing XDC File [/home/amd/training/Reset/lab/KCU105/no_reset/no_reset.gen/sources_1/ip/mmcm_clocks/mmcm_clocks/mmcm_clocks_in_context.xdc] for cell 'mmcm_clocks_inst'
Parsing XDC File [/home/amd/training/Reset/lab/KCU105/no_reset/no_reset.srcs/sources_1/imports/support/reset_example.xdc]
WARNING: [Constraints 18-619] A clock with name 'SysClk' already exists, overwriting the previous clock with the same name. [/home/amd/training/Reset/lab/KCU105/no_reset/no_reset.srcs/sources_1/imports/support/reset_example.xdc:1]
Finished Parsing XDC File [/home/amd/training/Reset/lab/KCU105/no_reset/no_reset.srcs/sources_1/imports/support/reset_example.xdc]
INFO: [Project 1-236] Implementation specific constraints were found while reading constraint file [/home/amd/training/Reset/lab/KCU105/no_reset/no_reset.srcs/sources_1/imports/support/reset_example.xdc]. These constraints will be ignored for synthesis but will be used in implementation. Impacted constraints are listed in the file [.Xil/reset_example_top_propImpl.xdc].
Resolution: To avoid this warning, move constraints listed in [.Xil/reset_example_top_propImpl.xdc] to another XDC file and exclude this new file from synthesis with the used_in_synthesis property (File Properties dialog in GUI) and re-run elaboration/synthesis.
Completed Processing XDC Constraints

Netlist sorting complete. Time (s): cpu = 00:00:00 ; elapsed = 00:00:00 . Memory (MB): peak = 2950.758 ; gain = 0.000 ; free physical = 14829 ; free virtual = 19580
INFO: [Project 1-111] Unisim Transformation Summary:
No Unisim elements were transformed.

Constraint Validation Runtime : Time (s): cpu = 00:00:00.05 ; elapsed = 00:00:00.05 . Memory (MB): peak = 2950.758 ; gain = 0.000 ; free physical = 14829 ; free virtual = 19580
INFO: [Synth 8-11241] undeclared symbol 'REGCCE', assumed default net type 'wire' [/opt/amd/Vivado/2022.2/data/verilog/src/unimacro/BRAM_SINGLE_MACRO.v:2170]
---------------------------------------------------------------------------------
Finished Constraint Validation : Time (s): cpu = 00:00:20 ; elapsed = 00:00:20 . Memory (MB): peak = 2950.758 ; gain = 627.270 ; free physical = 14878 ; free virtual = 19629
Synthesis current peak Physical Memory [PSS] (MB): peak = 2111.079; parent = 1901.509; children = 209.570
Synthesis current peak Virtual Memory [VSS] (MB): peak = 3913.809; parent = 2918.746; children = 995.062
---------------------------------------------------------------------------------
---------------------------------------------------------------------------------
Start Loading Part and Timing Information
---------------------------------------------------------------------------------
Loading part: xcku040-ffva1156-2-e
INFO: [Synth 8-6742] Reading net delay rules and data
---------------------------------------------------------------------------------
Finished Loading Part and Timing Information : Time (s): cpu = 00:00:20 ; elapsed = 00:00:20 . Memory (MB): peak = 2950.758 ; gain = 627.270 ; free physical = 14878 ; free virtual = 19629
Synthesis current peak Physical Memory [PSS] (MB): peak = 2111.079; parent = 1901.509; children = 209.570
Synthesis current peak Virtual Memory [VSS] (MB): peak = 3913.809; parent = 2918.746; children = 995.062
---------------------------------------------------------------------------------
---------------------------------------------------------------------------------
Start Applying 'set_property' XDC Constraints
---------------------------------------------------------------------------------
Applied set_property IO_BUFFER_TYPE = NONE for SysClk. (constraint file  /home/amd/training/Reset/lab/KCU105/no_reset/no_reset.gen/sources_1/ip/mmcm_clocks/mmcm_clocks/mmcm_clocks_in_context.xdc, line 4).
Applied set_property CLOCK_BUFFER_TYPE = NONE for SysClk. (constraint file  /home/amd/training/Reset/lab/KCU105/no_reset/no_reset.gen/sources_1/ip/mmcm_clocks/mmcm_clocks/mmcm_clocks_in_context.xdc, line 5).
Applied set_property KEEP_HIERARCHY = SOFT for mmcm_clocks_inst. (constraint file  auto generated constraint).
---------------------------------------------------------------------------------
Finished applying 'set_property' XDC Constraints : Time (s): cpu = 00:00:20 ; elapsed = 00:00:21 . Memory (MB): peak = 2950.758 ; gain = 627.270 ; free physical = 14878 ; free virtual = 19629
Synthesis current peak Physical Memory [PSS] (MB): peak = 2111.079; parent = 1901.509; children = 209.570
Synthesis current peak Virtual Memory [VSS] (MB): peak = 3913.809; parent = 2918.746; children = 995.062
---------------------------------------------------------------------------------
---------------------------------------------------------------------------------
Finished RTL Optimization Phase 2 : Time (s): cpu = 00:00:21 ; elapsed = 00:00:21 . Memory (MB): peak = 2950.758 ; gain = 627.270 ; free physical = 14869 ; free virtual = 19622
Synthesis current peak Physical Memory [PSS] (MB): peak = 2111.079; parent = 1901.509; children = 209.570
Synthesis current peak Virtual Memory [VSS] (MB): peak = 3913.809; parent = 2918.746; children = 995.062
---------------------------------------------------------------------------------
---------------------------------------------------------------------------------
Start RTL Component Statistics 
---------------------------------------------------------------------------------
Detailed RTL Component Info : 
+---Registers : 
	               64 Bit    Registers := 65    
	                1 Bit    Registers := 65    
+---Muxes : 
	   2 Input   64 Bit        Muxes := 64    
---------------------------------------------------------------------------------
Finished RTL Component Statistics 
---------------------------------------------------------------------------------
---------------------------------------------------------------------------------
Start Part Resource Summary
---------------------------------------------------------------------------------
Part Resources:
DSPs: 1920 (col length:120)
BRAMs: 1200 (col length: RAMB18 120 RAMB36 60)
---------------------------------------------------------------------------------
Finished Part Resource Summary
---------------------------------------------------------------------------------
---------------------------------------------------------------------------------
Start Cross Boundary and Area Optimization
---------------------------------------------------------------------------------
WARNING: [Synth 8-7080] Parallel synthesis criteria is not met
WARNING: [Synth 8-7129] Port SysRst_L in module reset_example_top is either unconnected or has no load
---------------------------------------------------------------------------------
Finished Cross Boundary and Area Optimization : Time (s): cpu = 00:00:26 ; elapsed = 00:00:26 . Memory (MB): peak = 2950.758 ; gain = 627.270 ; free physical = 14848 ; free virtual = 19607
Synthesis current peak Physical Memory [PSS] (MB): peak = 2111.079; parent = 1901.509; children = 209.570
Synthesis current peak Virtual Memory [VSS] (MB): peak = 3913.809; parent = 2918.746; children = 995.062
---------------------------------------------------------------------------------
---------------------------------------------------------------------------------
Start Applying XDC Timing Constraints
---------------------------------------------------------------------------------
WARNING: [Synth 8-565] redefining clock 'SysClk'
---------------------------------------------------------------------------------
Finished Applying XDC Timing Constraints : Time (s): cpu = 00:00:33 ; elapsed = 00:00:35 . Memory (MB): peak = 2950.758 ; gain = 627.270 ; free physical = 14626 ; free virtual = 19385
Synthesis current peak Physical Memory [PSS] (MB): peak = 2327.378; parent = 2118.272; children = 209.570
Synthesis current peak Virtual Memory [VSS] (MB): peak = 3924.410; parent = 2929.348; children = 995.062
---------------------------------------------------------------------------------
---------------------------------------------------------------------------------
Start Timing Optimization
---------------------------------------------------------------------------------
---------------------------------------------------------------------------------
Finished Timing Optimization : Time (s): cpu = 00:00:37 ; elapsed = 00:00:38 . Memory (MB): peak = 2952.359 ; gain = 628.871 ; free physical = 14591 ; free virtual = 19350
Synthesis current peak Physical Memory [PSS] (MB): peak = 2352.958; parent = 2143.853; children = 209.570
Synthesis current peak Virtual Memory [VSS] (MB): peak = 3947.426; parent = 2952.363; children = 995.062
---------------------------------------------------------------------------------
---------------------------------------------------------------------------------
Start Technology Mapping
---------------------------------------------------------------------------------
---------------------------------------------------------------------------------
Finished Technology Mapping : Time (s): cpu = 00:00:41 ; elapsed = 00:00:42 . Memory (MB): peak = 2969.383 ; gain = 645.895 ; free physical = 14597 ; free virtual = 19356
Synthesis current peak Physical Memory [PSS] (MB): peak = 2355.044; parent = 2145.938; children = 209.570
Synthesis current peak Virtual Memory [VSS] (MB): peak = 3964.449; parent = 2969.387; children = 995.062
---------------------------------------------------------------------------------
---------------------------------------------------------------------------------
Start IO Insertion
---------------------------------------------------------------------------------
---------------------------------------------------------------------------------
Start Flattening Before IO Insertion
---------------------------------------------------------------------------------
---------------------------------------------------------------------------------
Finished Flattening Before IO Insertion
---------------------------------------------------------------------------------
---------------------------------------------------------------------------------
Start Final Netlist Cleanup
---------------------------------------------------------------------------------
---------------------------------------------------------------------------------
Finished Final Netlist Cleanup
---------------------------------------------------------------------------------
---------------------------------------------------------------------------------
Finished IO Insertion : Time (s): cpu = 00:00:49 ; elapsed = 00:00:51 . Memory (MB): peak = 2975.320 ; gain = 651.832 ; free physical = 14590 ; free virtual = 19349
Synthesis current peak Physical Memory [PSS] (MB): peak = 2355.921; parent = 2146.815; children = 209.570
Synthesis current peak Virtual Memory [VSS] (MB): peak = 3970.387; parent = 2975.324; children = 995.062
---------------------------------------------------------------------------------
---------------------------------------------------------------------------------
Start Renaming Generated Instances
---------------------------------------------------------------------------------
---------------------------------------------------------------------------------
Finished Renaming Generated Instances : Time (s): cpu = 00:00:49 ; elapsed = 00:00:51 . Memory (MB): peak = 2975.320 ; gain = 651.832 ; free physical = 14590 ; free virtual = 19349
Synthesis current peak Physical Memory [PSS] (MB): peak = 2356.132; parent = 2147.026; children = 209.570
Synthesis current peak Virtual Memory [VSS] (MB): peak = 3970.387; parent = 2975.324; children = 995.062
---------------------------------------------------------------------------------
---------------------------------------------------------------------------------
Start Rebuilding User Hierarchy
---------------------------------------------------------------------------------
---------------------------------------------------------------------------------
Finished Rebuilding User Hierarchy : Time (s): cpu = 00:00:50 ; elapsed = 00:00:51 . Memory (MB): peak = 2975.320 ; gain = 651.832 ; free physical = 14590 ; free virtual = 19349
Synthesis current peak Physical Memory [PSS] (MB): peak = 2356.933; parent = 2147.827; children = 209.570
Synthesis current peak Virtual Memory [VSS] (MB): peak = 3970.387; parent = 2975.324; children = 995.062
---------------------------------------------------------------------------------
---------------------------------------------------------------------------------
Start Renaming Generated Ports
---------------------------------------------------------------------------------
---------------------------------------------------------------------------------
Finished Renaming Generated Ports : Time (s): cpu = 00:00:50 ; elapsed = 00:00:51 . Memory (MB): peak = 2975.320 ; gain = 651.832 ; free physical = 14590 ; free virtual = 19349
Synthesis current peak Physical Memory [PSS] (MB): peak = 2356.933; parent = 2147.827; children = 209.570
Synthesis current peak Virtual Memory [VSS] (MB): peak = 3970.387; parent = 2975.324; children = 995.062
---------------------------------------------------------------------------------
---------------------------------------------------------------------------------
Start Handling Custom Attributes
---------------------------------------------------------------------------------
---------------------------------------------------------------------------------
Finished Handling Custom Attributes : Time (s): cpu = 00:00:50 ; elapsed = 00:00:52 . Memory (MB): peak = 2975.320 ; gain = 651.832 ; free physical = 14590 ; free virtual = 19349
Synthesis current peak Physical Memory [PSS] (MB): peak = 2356.933; parent = 2147.827; children = 209.570
Synthesis current peak Virtual Memory [VSS] (MB): peak = 3970.387; parent = 2975.324; children = 995.062
---------------------------------------------------------------------------------
---------------------------------------------------------------------------------
Start Renaming Generated Nets
---------------------------------------------------------------------------------
---------------------------------------------------------------------------------
Finished Renaming Generated Nets : Time (s): cpu = 00:00:50 ; elapsed = 00:00:52 . Memory (MB): peak = 2975.320 ; gain = 651.832 ; free physical = 14590 ; free virtual = 19349
Synthesis current peak Physical Memory [PSS] (MB): peak = 2356.933; parent = 2147.827; children = 209.570
Synthesis current peak Virtual Memory [VSS] (MB): peak = 3970.387; parent = 2975.324; children = 995.062
---------------------------------------------------------------------------------
---------------------------------------------------------------------------------
Start Writing Synthesis Report
---------------------------------------------------------------------------------

Report BlackBoxes: 
+------+--------------+----------+
|      |BlackBox name |Instances |
+------+--------------+----------+
|1     |mmcm_clocks   |         1|
+------+--------------+----------+

Report Cell Usage: 
+------+------------+------+
|      |Cell        |Count |
+------+------------+------+
|1     |mmcm_clocks |     1|
|2     |CARRY8      |   512|
|3     |LUT1        |   129|
|4     |LUT3        |  4032|
|5     |FDRE        |  8257|
|6     |FDSE        |    64|
|7     |IBUF        |    65|
|8     |OBUF        |    65|
+------+------------+------+
---------------------------------------------------------------------------------
Finished Writing Synthesis Report : Time (s): cpu = 00:00:51 ; elapsed = 00:00:52 . Memory (MB): peak = 2975.320 ; gain = 651.832 ; free physical = 14590 ; free virtual = 19349
Synthesis current peak Physical Memory [PSS] (MB): peak = 2356.933; parent = 2147.827; children = 209.570
Synthesis current peak Virtual Memory [VSS] (MB): peak = 3970.387; parent = 2975.324; children = 995.062
---------------------------------------------------------------------------------
Synthesis finished with 0 errors, 0 critical warnings and 3 warnings.
Synthesis Optimization Runtime : Time (s): cpu = 00:00:48 ; elapsed = 00:00:50 . Memory (MB): peak = 2975.320 ; gain = 492.113 ; free physical = 14617 ; free virtual = 19376
Synthesis Optimization Complete : Time (s): cpu = 00:00:51 ; elapsed = 00:00:53 . Memory (MB): peak = 2975.328 ; gain = 651.832 ; free physical = 14617 ; free virtual = 19376
INFO: [Project 1-571] Translating synthesized netlist
Netlist sorting complete. Time (s): cpu = 00:00:00.29 ; elapsed = 00:00:00.29 . Memory (MB): peak = 2984.227 ; gain = 0.000 ; free physical = 14710 ; free virtual = 19469
INFO: [Netlist 29-17] Analyzing 577 Unisim elements for replacement
INFO: [Netlist 29-28] Unisim Transformation completed in 0 CPU seconds
INFO: [Project 1-570] Preparing netlist for logic optimization
INFO: [Opt 31-138] Pushed 0 inverter(s) to 0 load pin(s).
Netlist sorting complete. Time (s): cpu = 00:00:00 ; elapsed = 00:00:00 . Memory (MB): peak = 3025.082 ; gain = 0.000 ; free physical = 14665 ; free virtual = 19424
INFO: [Project 1-111] Unisim Transformation Summary:
  A total of 65 instances were transformed.
  IBUF => IBUF (IBUFCTRL, INBUF): 65 instances

Synth Design complete, checksum: 3bba8daf
INFO: [Common 17-83] Releasing license: Synthesis
24 Infos, 5 Warnings, 0 Critical Warnings and 0 Errors encountered.
synth_design completed successfully
synth_design: Time (s): cpu = 00:01:05 ; elapsed = 00:01:04 . Memory (MB): peak = 3025.082 ; gain = 1258.426 ; free physical = 14879 ; free virtual = 19638
INFO: [Common 17-1381] The checkpoint '/home/amd/training/Reset/lab/KCU105/no_reset/no_reset.runs/synth_1/reset_example_top.dcp' has been generated.
INFO: [runtcl-4] Executing : report_utilization -file reset_example_top_utilization_synth.rpt -pb reset_example_top_utilization_synth.pb
INFO: [Common 17-206] Exiting Vivado at Sun Nov 27 10:46:14 2022...
